#
# There is insufficient memory for the Java Runtime Environment to continue.
# Native memory allocation (malloc) failed to allocate 2355072 bytes for Chunk::new
# Possible reasons:
#   The system is out of physical RAM or swap space
#   The process is running with CompressedOops enabled, and the Java Heap may be blocking the growth of the native heap
# Possible solutions:
#   Reduce memory load on the system
#   Increase physical memory or swap space
#   Check if swap backing store is full
#   Decrease Java heap size (-Xmx/-Xms)
#   Decrease number of Java threads
#   Decrease Java thread stack sizes (-Xss)
#   Set larger code cache with -XX:ReservedCodeCacheSize=
#   JVM is running with Unscaled Compressed Oops mode in which the Java heap is
#     placed in the first 4GB address space. The Java Heap base address is the
#     maximum limit for the native heap growth. Please use -XX:HeapBaseMinAddress
#     to set the Java Heap base and to place the Java Heap above 4GB virtual address.
# This output file may be truncated or incomplete.
#
#  Out of Memory Error (arena.cpp:189), pid=3208, tid=17172
#
# JRE version: OpenJDK Runtime Environment Temurin-17.0.2+8 (17.0.2+8) (build 17.0.2+8)
# Java VM: OpenJDK 64-Bit Server VM Temurin-17.0.2+8 (17.0.2+8, mixed mode, tiered, compressed oops, compressed class ptrs, g1 gc, windows-amd64)
# No core dump will be written. Minidumps are not enabled by default on client versions of Windows
#

---------------  S U M M A R Y ------------

Command Line: -agentlib:jdwp=transport=dt_socket,server=n,suspend=y,address=localhost:61890 -XX:+ShowCodeDetailsInExceptionMessages com.poly.DATN_BookWorms.DatnBookWormsApplication

Host: 11th Gen Intel(R) Core(TM) i5-11400H @ 2.70GHz, 12 cores, 7G,  Windows 10 , 64 bit Build 19041 (10.0.19041.3636)
Time: Sun Dec 10 17:06:36 2023 SE Asia Standard Time elapsed time: 1430.514491 seconds (0d 0h 23m 50s)

---------------  T H R E A D  ---------------

Current thread (0x00000285056db4a0):  JavaThread "C2 CompilerThread1" daemon [_thread_in_native, id=17172, stack(0x000000906cb00000,0x000000906cc00000)]


Current CompileTask:
C2:1430515 18795       4       ch.qos.logback.classic.spi.PackagingDataCalculator::computeBySTEP (81 bytes)

Stack: [0x000000906cb00000,0x000000906cc00000]
Native frames: (J=compiled Java code, j=interpreted, Vv=VM code, C=native code)
V  [jvm.dll+0x67564a]
V  [jvm.dll+0x82fc04]
V  [jvm.dll+0x8313ae]
V  [jvm.dll+0x831a13]
V  [jvm.dll+0x245235]
V  [jvm.dll+0xabd7b]
V  [jvm.dll+0xac30c]
V  [jvm.dll+0x3631f7]
V  [jvm.dll+0x1bb8e8]
V  [jvm.dll+0x218229]
V  [jvm.dll+0x2174f1]
V  [jvm.dll+0x1a3a8d]
V  [jvm.dll+0x226ef8]
V  [jvm.dll+0x22503c]
V  [jvm.dll+0x7e596b]
V  [jvm.dll+0x7dff2a]
V  [jvm.dll+0x6744d5]
C  [ucrtbase.dll+0x21bb2]
C  [KERNEL32.DLL+0x17344]
C  [ntdll.dll+0x526b1]


---------------  P R O C E S S  ---------------

Threads class SMR info:
_java_thread_list=0x0000028503f181d0, length=35, elements={
0x0000028573e68030, 0x0000028573e688f0, 0x0000028574837130, 0x0000028574837ae0,
0x000002857483a4a0, 0x000002857483ae50, 0x000002857483bbe0, 0x000002857483c680,
0x0000028574845080, 0x00000285749cb320, 0x00000285749cd1d0, 0x00000285749d1df0,
0x00000285749d55d0, 0x00000285749fb010, 0x0000028575b97770, 0x000002857b797d50,
0x00000285790d4a20, 0x00000285753605b0, 0x00000285753600e0, 0x0000028579c567d0,
0x0000028579c52470, 0x0000028579c51130, 0x0000028579c532e0, 0x0000028579c52940,
0x0000028579c53c80, 0x0000028579c51600, 0x0000028579c55960, 0x0000028579c52e10,
0x0000028579c55e30, 0x0000028579c54620, 0x0000028579c537b0, 0x0000028579c54150,
0x0000028579c54af0, 0x0000028579c56300, 0x00000285056db4a0
}

Java Threads: ( => current thread )
  0x0000028573e68030 JavaThread "Reference Handler" daemon [_thread_blocked, id=20312, stack(0x000000906d500000,0x000000906d600000)]
  0x0000028573e688f0 JavaThread "Finalizer" daemon [_thread_blocked, id=6356, stack(0x000000906d600000,0x000000906d700000)]
  0x0000028574837130 JavaThread "Signal Dispatcher" daemon [_thread_blocked, id=3704, stack(0x000000906d700000,0x000000906d800000)]
  0x0000028574837ae0 JavaThread "Attach Listener" daemon [_thread_blocked, id=16480, stack(0x000000906d800000,0x000000906d900000)]
  0x000002857483a4a0 JavaThread "Service Thread" daemon [_thread_blocked, id=19372, stack(0x000000906d900000,0x000000906da00000)]
  0x000002857483ae50 JavaThread "Monitor Deflation Thread" daemon [_thread_blocked, id=13268, stack(0x000000906da00000,0x000000906db00000)]
  0x000002857483bbe0 JavaThread "C2 CompilerThread0" daemon [_thread_blocked, id=11440, stack(0x000000906db00000,0x000000906dc00000)]
  0x000002857483c680 JavaThread "C1 CompilerThread0" daemon [_thread_in_native, id=18832, stack(0x000000906dc00000,0x000000906dd00000)]
  0x0000028574845080 JavaThread "Sweeper thread" daemon [_thread_blocked, id=1824, stack(0x000000906dd00000,0x000000906de00000)]
  0x00000285749cb320 JavaThread "JDWP Transport Listener: dt_socket" daemon [_thread_blocked, id=15288, stack(0x000000906de00000,0x000000906df00000)]
  0x00000285749cd1d0 JavaThread "JDWP Event Helper Thread" daemon [_thread_blocked, id=1504, stack(0x000000906df00000,0x000000906e000000)]
  0x00000285749d1df0 JavaThread "JDWP Command Reader" daemon [_thread_in_native, id=4960, stack(0x000000906e000000,0x000000906e100000)]
  0x00000285749d55d0 JavaThread "Notification Thread" daemon [_thread_blocked, id=20260, stack(0x000000906e100000,0x000000906e200000)]
  0x00000285749fb010 JavaThread "Common-Cleaner" daemon [_thread_blocked, id=18116, stack(0x000000906e300000,0x000000906e400000)]
  0x0000028575b97770 JavaThread "Catalina-utility-1" [_thread_blocked, id=20032, stack(0x000000906ee00000,0x000000906ef00000)]
  0x000002857b797d50 JavaThread "Catalina-utility-2" [_thread_blocked, id=18512, stack(0x000000906f400000,0x000000906f500000)]
  0x00000285790d4a20 JavaThread "container-0" [_thread_blocked, id=18284, stack(0x000000906f500000,0x000000906f600000)]
  0x00000285753605b0 JavaThread "mssql-jdbc-shared-timer-core-0" daemon [_thread_blocked, id=2356, stack(0x000000906f700000,0x000000906f800000)]
  0x00000285753600e0 JavaThread "HikariPool-1 housekeeper" daemon [_thread_blocked, id=13808, stack(0x000000906f800000,0x000000906f900000)]
  0x0000028579c567d0 JavaThread "File Watcher" daemon [_thread_in_native, id=14588, stack(0x000000906e400000,0x000000906e500000)]
  0x0000028579c52470 JavaThread "Live Reload Server" daemon [_thread_in_native, id=11688, stack(0x000000906ed00000,0x000000906ee00000)]
  0x0000028579c51130 JavaThread "http-nio-8080-exec-1" daemon [_thread_blocked, id=5124, stack(0x000000906fb00000,0x000000906fc00000)]
  0x0000028579c532e0 JavaThread "http-nio-8080-exec-2" daemon [_thread_blocked, id=11676, stack(0x000000906fc00000,0x000000906fd00000)]
  0x0000028579c52940 JavaThread "http-nio-8080-exec-3" daemon [_thread_in_Java, id=15376, stack(0x000000906fd00000,0x000000906fe00000)]
  0x0000028579c53c80 JavaThread "http-nio-8080-exec-4" daemon [_thread_blocked, id=8564, stack(0x000000906fe00000,0x000000906ff00000)]
  0x0000028579c51600 JavaThread "http-nio-8080-exec-5" daemon [_thread_blocked, id=492, stack(0x000000906ff00000,0x0000009070000000)]
  0x0000028579c55960 JavaThread "http-nio-8080-exec-6" daemon [_thread_blocked, id=18600, stack(0x0000009070000000,0x0000009070100000)]
  0x0000028579c52e10 JavaThread "http-nio-8080-exec-7" daemon [_thread_blocked, id=17448, stack(0x0000009070100000,0x0000009070200000)]
  0x0000028579c55e30 JavaThread "http-nio-8080-exec-8" daemon [_thread_blocked, id=14160, stack(0x0000009070200000,0x0000009070300000)]
  0x0000028579c54620 JavaThread "http-nio-8080-exec-9" daemon [_thread_blocked, id=14112, stack(0x0000009070300000,0x0000009070400000)]
  0x0000028579c537b0 JavaThread "http-nio-8080-exec-10" daemon [_thread_blocked, id=19756, stack(0x0000009070400000,0x0000009070500000)]
  0x0000028579c54150 JavaThread "http-nio-8080-Poller" daemon [_thread_in_native, id=15664, stack(0x0000009070500000,0x0000009070600000)]
  0x0000028579c54af0 JavaThread "http-nio-8080-Acceptor" daemon [_thread_in_native, id=17972, stack(0x0000009070600000,0x0000009070700000)]
  0x0000028579c56300 JavaThread "DestroyJavaVM" [_thread_blocked, id=18712, stack(0x000000906ce00000,0x000000906cf00000)]
=>0x00000285056db4a0 JavaThread "C2 CompilerThread1" daemon [_thread_in_native, id=17172, stack(0x000000906cb00000,0x000000906cc00000)]

Other Threads:
  0x0000028573e14c40 VMThread "VM Thread" [stack: 0x000000906d400000,0x000000906d500000] [id=17776]
  0x000002855a722e60 WatcherThread [stack: 0x000000906e200000,0x000000906e300000] [id=12036]
  0x000002855a6b1c00 GCTaskThread "GC Thread#0" [stack: 0x000000906cf00000,0x000000906d000000] [id=12728]
  0x00000285756bd460 GCTaskThread "GC Thread#1" [stack: 0x000000906e700000,0x000000906e800000] [id=4312]
  0x00000285756bd710 GCTaskThread "GC Thread#2" [stack: 0x000000906e800000,0x000000906e900000] [id=13160]
  0x00000285756bd9c0 GCTaskThread "GC Thread#3" [stack: 0x000000906e900000,0x000000906ea00000] [id=1036]
  0x0000028575b32520 GCTaskThread "GC Thread#4" [stack: 0x000000906ea00000,0x000000906eb00000] [id=17744]
  0x0000028575b327d0 GCTaskThread "GC Thread#5" [stack: 0x000000906eb00000,0x000000906ec00000] [id=8992]
  0x0000028575b40cc0 GCTaskThread "GC Thread#6" [stack: 0x000000906ec00000,0x000000906ed00000] [id=18120]
  0x000002857605b610 GCTaskThread "GC Thread#7" [stack: 0x000000906ef00000,0x000000906f000000] [id=11292]
  0x0000028576312ac0 GCTaskThread "GC Thread#8" [stack: 0x000000906f000000,0x000000906f100000] [id=6812]
  0x00000285765f1440 GCTaskThread "GC Thread#9" [stack: 0x000000906f100000,0x000000906f200000] [id=1656]
  0x000002855a6c2340 ConcurrentGCThread "G1 Main Marker" [stack: 0x000000906d000000,0x000000906d100000] [id=19788]
  0x000002855a6c4900 ConcurrentGCThread "G1 Conc#0" [stack: 0x000000906d100000,0x000000906d200000] [id=19148]
  0x0000028576821fa0 ConcurrentGCThread "G1 Conc#1" [stack: 0x000000906f200000,0x000000906f300000] [id=7548]
  0x000002857659a8d0 ConcurrentGCThread "G1 Conc#2" [stack: 0x000000906f300000,0x000000906f400000] [id=3680]
  0x000002855a72e5a0 ConcurrentGCThread "G1 Refine#0" [stack: 0x000000906d200000,0x000000906d300000] [id=14656]
  0x0000028579b85070 ConcurrentGCThread "G1 Refine#1" [stack: 0x000000906e500000,0x000000906e600000] [id=16868]
  0x0000028573cbd130 ConcurrentGCThread "G1 Service" [stack: 0x000000906d300000,0x000000906d400000] [id=18312]

Threads with active compile tasks:
C2 CompilerThread0  1430542 18833       4       org.springframework.core.ResolvableType::getNested (121 bytes)
C1 CompilerThread0  1430542 18826       3       java.text.DecimalFormat::applyPattern (1638 bytes)
C2 CompilerThread1  1430542 18795       4       ch.qos.logback.classic.spi.PackagingDataCalculator::computeBySTEP (81 bytes)

VM state: not at safepoint (normal execution)

VM Mutex/Monitor currently owned by a thread: None

Heap address: 0x0000000084000000, size: 1984 MB, Compressed Oops mode: 32-bit

CDS archive(s) not mapped
Compressed class space mapped at: 0x0000000100000000-0x0000000140000000, reserved size: 1073741824
Narrow klass base: 0x0000000000000000, Narrow klass shift: 3, Narrow klass range: 0x140000000

GC Precious Log:
 CPUs: 12 total, 12 available
 Memory: 7930M
 Large Page Support: Disabled
 NUMA Support: Disabled
 Compressed Oops: Enabled (32-bit)
 Heap Region Size: 1M
 Heap Min Capacity: 8M
 Heap Initial Capacity: 124M
 Heap Max Capacity: 1984M
 Pre-touch: Disabled
 Parallel Workers: 10
 Concurrent Workers: 3
 Concurrent Refinement Workers: 10
 Periodic GC: Disabled

Heap:
 garbage-first heap   total 167936K, used 110513K [0x0000000084000000, 0x0000000100000000)
  region size 1024K, 55 young (56320K), 1 survivors (1024K)
 Metaspace       used 102193K, committed 102976K, reserved 1138688K
  class space    used 13120K, committed 13504K, reserved 1048576K

Heap Regions: E=young(eden), S=young(survivor), O=old, HS=humongous(starts), HC=humongous(continues), CS=collection set, F=free, OA=open archive, CA=closed archive, TAMS=top-at-mark-start (previous, next)
|   0|0x0000000084000000, 0x0000000084100000, 0x0000000084100000|100%|HS|  |TAMS 0x0000000084100000, 0x0000000084000000| Complete 
|   1|0x0000000084100000, 0x0000000084200000, 0x0000000084200000|100%| O|  |TAMS 0x0000000084200000, 0x0000000084100000| Untracked 
|   2|0x0000000084200000, 0x0000000084300000, 0x0000000084300000|100%| O|  |TAMS 0x0000000084300000, 0x0000000084200000| Untracked 
|   3|0x0000000084300000, 0x0000000084400000, 0x0000000084400000|100%| O|  |TAMS 0x0000000084400000, 0x0000000084300000| Untracked 
|   4|0x0000000084400000, 0x0000000084500000, 0x0000000084500000|100%| O|  |TAMS 0x0000000084500000, 0x0000000084400000| Untracked 
|   5|0x0000000084500000, 0x0000000084600000, 0x0000000084600000|100%| O|  |TAMS 0x0000000084600000, 0x0000000084500000| Untracked 
|   6|0x0000000084600000, 0x0000000084700000, 0x0000000084700000|100%| O|  |TAMS 0x0000000084700000, 0x0000000084600000| Untracked 
|   7|0x0000000084700000, 0x0000000084800000, 0x0000000084800000|100%| O|  |TAMS 0x0000000084700000, 0x0000000084700000| Untracked 
|   8|0x0000000084800000, 0x0000000084900000, 0x0000000084900000|100%| O|  |TAMS 0x0000000084900000, 0x0000000084800000| Untracked 
|   9|0x0000000084900000, 0x0000000084a00000, 0x0000000084a00000|100%| O|  |TAMS 0x0000000084a00000, 0x0000000084900000| Untracked 
|  10|0x0000000084a00000, 0x0000000084b00000, 0x0000000084b00000|100%| O|  |TAMS 0x0000000084b00000, 0x0000000084a00000| Untracked 
|  11|0x0000000084b00000, 0x0000000084c00000, 0x0000000084c00000|100%| O|  |TAMS 0x0000000084c00000, 0x0000000084b00000| Untracked 
|  12|0x0000000084c00000, 0x0000000084d00000, 0x0000000084d00000|100%| O|  |TAMS 0x0000000084c00000, 0x0000000084c00000| Untracked 
|  13|0x0000000084d00000, 0x0000000084e00000, 0x0000000084e00000|100%| O|  |TAMS 0x0000000084e00000, 0x0000000084d00000| Untracked 
|  14|0x0000000084e00000, 0x0000000084f00000, 0x0000000084f00000|100%| O|  |TAMS 0x0000000084f00000, 0x0000000084e00000| Untracked 
|  15|0x0000000084f00000, 0x0000000085000000, 0x0000000085000000|100%| O|  |TAMS 0x0000000085000000, 0x0000000084f00000| Untracked 
|  16|0x0000000085000000, 0x0000000085100000, 0x0000000085100000|100%| O|  |TAMS 0x0000000085100000, 0x0000000085000000| Untracked 
|  17|0x0000000085100000, 0x0000000085200000, 0x0000000085200000|100%| O|  |TAMS 0x0000000085200000, 0x0000000085100000| Untracked 
|  18|0x0000000085200000, 0x0000000085300000, 0x0000000085300000|100%| O|  |TAMS 0x0000000085300000, 0x0000000085200000| Untracked 
|  19|0x0000000085300000, 0x0000000085400000, 0x0000000085400000|100%| O|  |TAMS 0x0000000085400000, 0x0000000085300000| Untracked 
|  20|0x0000000085400000, 0x0000000085500000, 0x0000000085500000|100%| O|  |TAMS 0x0000000085500000, 0x0000000085400000| Untracked 
|  21|0x0000000085500000, 0x0000000085600000, 0x0000000085600000|100%| O|  |TAMS 0x0000000085600000, 0x0000000085500000| Untracked 
|  22|0x0000000085600000, 0x0000000085700000, 0x0000000085700000|100%| O|  |TAMS 0x0000000085700000, 0x0000000085600000| Untracked 
|  23|0x0000000085700000, 0x0000000085800000, 0x0000000085800000|100%| O|  |TAMS 0x0000000085800000, 0x0000000085700000| Untracked 
|  24|0x0000000085800000, 0x0000000085900000, 0x0000000085900000|100%| O|  |TAMS 0x0000000085900000, 0x0000000085800000| Untracked 
|  25|0x0000000085900000, 0x0000000085a00000, 0x0000000085a00000|100%| O|  |TAMS 0x0000000085a00000, 0x0000000085900000| Untracked 
|  26|0x0000000085a00000, 0x0000000085b00000, 0x0000000085b00000|100%| O|  |TAMS 0x0000000085b00000, 0x0000000085a00000| Untracked 
|  27|0x0000000085b00000, 0x0000000085c00000, 0x0000000085c00000|100%| O|  |TAMS 0x0000000085c00000, 0x0000000085b00000| Untracked 
|  28|0x0000000085c00000, 0x0000000085d00000, 0x0000000085d00000|100%| O|  |TAMS 0x0000000085d00000, 0x0000000085c00000| Untracked 
|  29|0x0000000085d00000, 0x0000000085e00000, 0x0000000085e00000|100%| O|  |TAMS 0x0000000085e00000, 0x0000000085d00000| Untracked 
|  30|0x0000000085e00000, 0x0000000085f00000, 0x0000000085f00000|100%| O|  |TAMS 0x0000000085f00000, 0x0000000085e00000| Untracked 
|  31|0x0000000085f00000, 0x0000000086000000, 0x0000000086000000|100%| O|  |TAMS 0x0000000086000000, 0x0000000085f00000| Untracked 
|  32|0x0000000086000000, 0x0000000086100000, 0x0000000086100000|100%| O|  |TAMS 0x0000000086100000, 0x0000000086000000| Untracked 
|  33|0x0000000086100000, 0x0000000086200000, 0x0000000086200000|100%| O|  |TAMS 0x0000000086200000, 0x0000000086100000| Untracked 
|  34|0x0000000086200000, 0x0000000086300000, 0x0000000086300000|100%| O|  |TAMS 0x0000000086300000, 0x0000000086200000| Untracked 
|  35|0x0000000086300000, 0x0000000086400000, 0x0000000086400000|100%| O|  |TAMS 0x0000000086400000, 0x0000000086300000| Untracked 
|  36|0x0000000086400000, 0x0000000086500000, 0x0000000086500000|100%| O|  |TAMS 0x0000000086500000, 0x0000000086400000| Untracked 
|  37|0x0000000086500000, 0x0000000086600000, 0x0000000086600000|100%| O|  |TAMS 0x0000000086600000, 0x0000000086500000| Untracked 
|  38|0x0000000086600000, 0x0000000086700000, 0x0000000086700000|100%| O|  |TAMS 0x0000000086700000, 0x0000000086600000| Untracked 
|  39|0x0000000086700000, 0x0000000086800000, 0x0000000086800000|100%| O|  |TAMS 0x0000000086723000, 0x0000000086700000| Untracked 
|  40|0x0000000086800000, 0x0000000086900000, 0x0000000086900000|100%| O|  |TAMS 0x0000000086800000, 0x0000000086800000| Untracked 
|  41|0x0000000086900000, 0x0000000086a00000, 0x0000000086a00000|100%| O|  |TAMS 0x0000000086900000, 0x0000000086900000| Untracked 
|  42|0x0000000086a00000, 0x0000000086b00000, 0x0000000086b00000|100%| O|  |TAMS 0x0000000086a00000, 0x0000000086a00000| Untracked 
|  43|0x0000000086b00000, 0x0000000086c00000, 0x0000000086c00000|100%| O|  |TAMS 0x0000000086b00000, 0x0000000086b00000| Untracked 
|  44|0x0000000086c00000, 0x0000000086d00000, 0x0000000086d00000|100%| O|  |TAMS 0x0000000086c00000, 0x0000000086c00000| Untracked 
|  45|0x0000000086d00000, 0x0000000086e00000, 0x0000000086e00000|100%| O|  |TAMS 0x0000000086d00000, 0x0000000086d00000| Untracked 
|  46|0x0000000086e00000, 0x0000000086f00000, 0x0000000086f00000|100%| O|  |TAMS 0x0000000086e00000, 0x0000000086e00000| Untracked 
|  47|0x0000000086f00000, 0x0000000087000000, 0x0000000087000000|100%| O|  |TAMS 0x0000000086f00000, 0x0000000086f00000| Untracked 
|  48|0x0000000087000000, 0x0000000087100000, 0x0000000087100000|100%| O|  |TAMS 0x0000000087000000, 0x0000000087000000| Untracked 
|  49|0x0000000087100000, 0x0000000087200000, 0x0000000087200000|100%| O|  |TAMS 0x0000000087100000, 0x0000000087100000| Untracked 
|  50|0x0000000087200000, 0x0000000087300000, 0x0000000087300000|100%| O|  |TAMS 0x0000000087200000, 0x0000000087200000| Untracked 
|  51|0x0000000087300000, 0x0000000087400000, 0x0000000087400000|100%| O|  |TAMS 0x0000000087300000, 0x0000000087300000| Untracked 
|  52|0x0000000087400000, 0x0000000087500000, 0x0000000087500000|100%| O|  |TAMS 0x0000000087400000, 0x0000000087400000| Untracked 
|  53|0x0000000087500000, 0x0000000087600000, 0x0000000087600000|100%| O|  |TAMS 0x0000000087500000, 0x0000000087500000| Untracked 
|  54|0x0000000087600000, 0x0000000087678200, 0x0000000087700000| 46%| O|  |TAMS 0x0000000087600000, 0x0000000087600000| Untracked 
|  55|0x0000000087700000, 0x0000000087700000, 0x0000000087800000|  0%| F|  |TAMS 0x0000000087700000, 0x0000000087700000| Untracked 
|  56|0x0000000087800000, 0x0000000087800000, 0x0000000087900000|  0%| F|  |TAMS 0x0000000087800000, 0x0000000087800000| Untracked 
|  57|0x0000000087900000, 0x0000000087900000, 0x0000000087a00000|  0%| F|  |TAMS 0x0000000087900000, 0x0000000087900000| Untracked 
|  58|0x0000000087a00000, 0x0000000087a00000, 0x0000000087b00000|  0%| F|  |TAMS 0x0000000087a00000, 0x0000000087a00000| Untracked 
|  59|0x0000000087b00000, 0x0000000087b00000, 0x0000000087c00000|  0%| F|  |TAMS 0x0000000087b00000, 0x0000000087b00000| Untracked 
|  60|0x0000000087c00000, 0x0000000087c00000, 0x0000000087d00000|  0%| F|  |TAMS 0x0000000087c00000, 0x0000000087c00000| Untracked 
|  61|0x0000000087d00000, 0x0000000087d00000, 0x0000000087e00000|  0%| F|  |TAMS 0x0000000087d00000, 0x0000000087d00000| Untracked 
|  62|0x0000000087e00000, 0x0000000087e00000, 0x0000000087f00000|  0%| F|  |TAMS 0x0000000087e00000, 0x0000000087e00000| Untracked 
|  63|0x0000000087f00000, 0x0000000087f00000, 0x0000000088000000|  0%| F|  |TAMS 0x0000000087f00000, 0x0000000087f00000| Untracked 
|  64|0x0000000088000000, 0x0000000088000000, 0x0000000088100000|  0%| F|  |TAMS 0x0000000088000000, 0x0000000088000000| Untracked 
|  65|0x0000000088100000, 0x0000000088100000, 0x0000000088200000|  0%| F|  |TAMS 0x0000000088100000, 0x0000000088100000| Untracked 
|  66|0x0000000088200000, 0x0000000088200000, 0x0000000088300000|  0%| F|  |TAMS 0x0000000088200000, 0x0000000088200000| Untracked 
|  67|0x0000000088300000, 0x0000000088300000, 0x0000000088400000|  0%| F|  |TAMS 0x0000000088300000, 0x0000000088300000| Untracked 
|  68|0x0000000088400000, 0x0000000088400000, 0x0000000088500000|  0%| F|  |TAMS 0x0000000088400000, 0x0000000088400000| Untracked 
|  69|0x0000000088500000, 0x0000000088500000, 0x0000000088600000|  0%| F|  |TAMS 0x0000000088500000, 0x0000000088500000| Untracked 
|  70|0x0000000088600000, 0x0000000088600000, 0x0000000088700000|  0%| F|  |TAMS 0x0000000088600000, 0x0000000088600000| Untracked 
|  71|0x0000000088700000, 0x0000000088700000, 0x0000000088800000|  0%| F|  |TAMS 0x0000000088700000, 0x0000000088700000| Untracked 
|  72|0x0000000088800000, 0x0000000088800000, 0x0000000088900000|  0%| F|  |TAMS 0x0000000088800000, 0x0000000088800000| Untracked 
|  73|0x0000000088900000, 0x00000000889742e8, 0x0000000088a00000| 45%| S|CS|TAMS 0x0000000088900000, 0x0000000088900000| Complete 
|  74|0x0000000088a00000, 0x0000000088a00000, 0x0000000088b00000|  0%| F|  |TAMS 0x0000000088a00000, 0x0000000088a00000| Untracked 
|  75|0x0000000088b00000, 0x0000000088b00000, 0x0000000088c00000|  0%| F|  |TAMS 0x0000000088b00000, 0x0000000088b00000| Untracked 
|  76|0x0000000088c00000, 0x0000000088c00000, 0x0000000088d00000|  0%| F|  |TAMS 0x0000000088c00000, 0x0000000088c00000| Untracked 
|  77|0x0000000088d00000, 0x0000000088d00000, 0x0000000088e00000|  0%| F|  |TAMS 0x0000000088d00000, 0x0000000088d00000| Untracked 
|  78|0x0000000088e00000, 0x0000000088e00000, 0x0000000088f00000|  0%| F|  |TAMS 0x0000000088e00000, 0x0000000088e00000| Untracked 
|  79|0x0000000088f00000, 0x0000000088f00000, 0x0000000089000000|  0%| F|  |TAMS 0x0000000088f00000, 0x0000000088f00000| Untracked 
|  80|0x0000000089000000, 0x0000000089000000, 0x0000000089100000|  0%| F|  |TAMS 0x0000000089000000, 0x0000000089000000| Untracked 
|  81|0x0000000089100000, 0x0000000089100000, 0x0000000089200000|  0%| F|  |TAMS 0x0000000089100000, 0x0000000089100000| Untracked 
|  82|0x0000000089200000, 0x0000000089200000, 0x0000000089300000|  0%| F|  |TAMS 0x0000000089200000, 0x0000000089200000| Untracked 
|  83|0x0000000089300000, 0x0000000089300000, 0x0000000089400000|  0%| F|  |TAMS 0x0000000089300000, 0x0000000089300000| Untracked 
|  84|0x0000000089400000, 0x0000000089400000, 0x0000000089500000|  0%| F|  |TAMS 0x0000000089400000, 0x0000000089400000| Untracked 
|  85|0x0000000089500000, 0x0000000089500000, 0x0000000089600000|  0%| F|  |TAMS 0x0000000089500000, 0x0000000089500000| Untracked 
|  86|0x0000000089600000, 0x0000000089600000, 0x0000000089700000|  0%| F|  |TAMS 0x0000000089600000, 0x0000000089600000| Untracked 
|  87|0x0000000089700000, 0x0000000089700000, 0x0000000089800000|  0%| F|  |TAMS 0x0000000089700000, 0x0000000089700000| Untracked 
|  88|0x0000000089800000, 0x0000000089800000, 0x0000000089900000|  0%| F|  |TAMS 0x0000000089800000, 0x0000000089800000| Untracked 
|  89|0x0000000089900000, 0x0000000089900000, 0x0000000089a00000|  0%| F|  |TAMS 0x0000000089900000, 0x0000000089900000| Untracked 
|  90|0x0000000089a00000, 0x0000000089a00000, 0x0000000089b00000|  0%| F|  |TAMS 0x0000000089a00000, 0x0000000089a00000| Untracked 
|  91|0x0000000089b00000, 0x0000000089b00000, 0x0000000089c00000|  0%| F|  |TAMS 0x0000000089b00000, 0x0000000089b00000| Untracked 
|  92|0x0000000089c00000, 0x0000000089c00000, 0x0000000089d00000|  0%| F|  |TAMS 0x0000000089c00000, 0x0000000089c00000| Untracked 
|  93|0x0000000089d00000, 0x0000000089d00000, 0x0000000089e00000|  0%| F|  |TAMS 0x0000000089d00000, 0x0000000089d00000| Untracked 
|  94|0x0000000089e00000, 0x0000000089e00000, 0x0000000089f00000|  0%| F|  |TAMS 0x0000000089e00000, 0x0000000089e00000| Untracked 
|  95|0x0000000089f00000, 0x0000000089f00000, 0x000000008a000000|  0%| F|  |TAMS 0x0000000089f00000, 0x0000000089f00000| Untracked 
|  96|0x000000008a000000, 0x000000008a000000, 0x000000008a100000|  0%| F|  |TAMS 0x000000008a000000, 0x000000008a000000| Untracked 
|  97|0x000000008a100000, 0x000000008a100000, 0x000000008a200000|  0%| F|  |TAMS 0x000000008a100000, 0x000000008a100000| Untracked 
|  98|0x000000008a200000, 0x000000008a200000, 0x000000008a300000|  0%| F|  |TAMS 0x000000008a200000, 0x000000008a200000| Untracked 
|  99|0x000000008a300000, 0x000000008a300000, 0x000000008a400000|  0%| F|  |TAMS 0x000000008a300000, 0x000000008a300000| Untracked 
| 100|0x000000008a400000, 0x000000008a400000, 0x000000008a500000|  0%| F|  |TAMS 0x000000008a400000, 0x000000008a400000| Untracked 
| 101|0x000000008a500000, 0x000000008a500000, 0x000000008a600000|  0%| F|  |TAMS 0x000000008a500000, 0x000000008a500000| Untracked 
| 102|0x000000008a600000, 0x000000008a600000, 0x000000008a700000|  0%| F|  |TAMS 0x000000008a600000, 0x000000008a600000| Untracked 
| 103|0x000000008a700000, 0x000000008a700000, 0x000000008a800000|  0%| F|  |TAMS 0x000000008a700000, 0x000000008a700000| Untracked 
| 104|0x000000008a800000, 0x000000008a800000, 0x000000008a900000|  0%| F|  |TAMS 0x000000008a800000, 0x000000008a800000| Untracked 
| 105|0x000000008a900000, 0x000000008a900000, 0x000000008aa00000|  0%| F|  |TAMS 0x000000008a900000, 0x000000008a900000| Untracked 
| 106|0x000000008aa00000, 0x000000008aa00000, 0x000000008ab00000|  0%| F|  |TAMS 0x000000008aa00000, 0x000000008aa00000| Untracked 
| 107|0x000000008ab00000, 0x000000008ab00000, 0x000000008ac00000|  0%| F|  |TAMS 0x000000008ab00000, 0x000000008ab00000| Untracked 
| 108|0x000000008ac00000, 0x000000008ac00000, 0x000000008ad00000|  0%| F|  |TAMS 0x000000008ac00000, 0x000000008ac00000| Untracked 
| 109|0x000000008ad00000, 0x000000008ad00000, 0x000000008ae00000|  0%| F|  |TAMS 0x000000008ad00000, 0x000000008ad00000| Untracked 
| 110|0x000000008ae00000, 0x000000008ae2dfe8, 0x000000008af00000| 17%| E|  |TAMS 0x000000008ae00000, 0x000000008ae00000| Complete 
| 111|0x000000008af00000, 0x000000008b000000, 0x000000008b000000|100%| E|CS|TAMS 0x000000008af00000, 0x000000008af00000| Complete 
| 112|0x000000008b000000, 0x000000008b100000, 0x000000008b100000|100%| E|CS|TAMS 0x000000008b000000, 0x000000008b000000| Complete 
| 113|0x000000008b100000, 0x000000008b200000, 0x000000008b200000|100%| E|CS|TAMS 0x000000008b100000, 0x000000008b100000| Complete 
| 114|0x000000008b200000, 0x000000008b300000, 0x000000008b300000|100%| E|CS|TAMS 0x000000008b200000, 0x000000008b200000| Complete 
| 115|0x000000008b300000, 0x000000008b400000, 0x000000008b400000|100%| E|CS|TAMS 0x000000008b300000, 0x000000008b300000| Complete 
| 116|0x000000008b400000, 0x000000008b500000, 0x000000008b500000|100%| E|CS|TAMS 0x000000008b400000, 0x000000008b400000| Complete 
| 117|0x000000008b500000, 0x000000008b600000, 0x000000008b600000|100%| E|CS|TAMS 0x000000008b500000, 0x000000008b500000| Complete 
| 118|0x000000008b600000, 0x000000008b700000, 0x000000008b700000|100%| E|CS|TAMS 0x000000008b600000, 0x000000008b600000| Complete 
| 119|0x000000008b700000, 0x000000008b800000, 0x000000008b800000|100%| E|CS|TAMS 0x000000008b700000, 0x000000008b700000| Complete 
| 120|0x000000008b800000, 0x000000008b900000, 0x000000008b900000|100%| E|CS|TAMS 0x000000008b800000, 0x000000008b800000| Complete 
| 121|0x000000008b900000, 0x000000008ba00000, 0x000000008ba00000|100%| E|CS|TAMS 0x000000008b900000, 0x000000008b900000| Complete 
| 122|0x000000008ba00000, 0x000000008bb00000, 0x000000008bb00000|100%| E|CS|TAMS 0x000000008ba00000, 0x000000008ba00000| Complete 
| 123|0x000000008bb00000, 0x000000008bc00000, 0x000000008bc00000|100%| E|CS|TAMS 0x000000008bb00000, 0x000000008bb00000| Complete 
| 124|0x000000008bc00000, 0x000000008bd00000, 0x000000008bd00000|100%| E|CS|TAMS 0x000000008bc00000, 0x000000008bc00000| Complete 
| 125|0x000000008bd00000, 0x000000008be00000, 0x000000008be00000|100%| E|CS|TAMS 0x000000008bd00000, 0x000000008bd00000| Complete 
| 126|0x000000008be00000, 0x000000008bf00000, 0x000000008bf00000|100%| E|CS|TAMS 0x000000008be00000, 0x000000008be00000| Complete 
| 127|0x000000008bf00000, 0x000000008c000000, 0x000000008c000000|100%| E|CS|TAMS 0x000000008bf00000, 0x000000008bf00000| Complete 
| 128|0x000000008c000000, 0x000000008c100000, 0x000000008c100000|100%| E|CS|TAMS 0x000000008c000000, 0x000000008c000000| Complete 
| 129|0x000000008c100000, 0x000000008c200000, 0x000000008c200000|100%| E|CS|TAMS 0x000000008c100000, 0x000000008c100000| Complete 
| 130|0x000000008c200000, 0x000000008c300000, 0x000000008c300000|100%| E|CS|TAMS 0x000000008c200000, 0x000000008c200000| Complete 
| 131|0x000000008c300000, 0x000000008c400000, 0x000000008c400000|100%| E|CS|TAMS 0x000000008c300000, 0x000000008c300000| Complete 
| 132|0x000000008c400000, 0x000000008c500000, 0x000000008c500000|100%| E|CS|TAMS 0x000000008c400000, 0x000000008c400000| Complete 
| 133|0x000000008c500000, 0x000000008c600000, 0x000000008c600000|100%| E|CS|TAMS 0x000000008c500000, 0x000000008c500000| Complete 
| 134|0x000000008c600000, 0x000000008c700000, 0x000000008c700000|100%| E|CS|TAMS 0x000000008c600000, 0x000000008c600000| Complete 
| 135|0x000000008c700000, 0x000000008c800000, 0x000000008c800000|100%| E|CS|TAMS 0x000000008c700000, 0x000000008c700000| Complete 
| 136|0x000000008c800000, 0x000000008c900000, 0x000000008c900000|100%| E|CS|TAMS 0x000000008c800000, 0x000000008c800000| Complete 
| 137|0x000000008c900000, 0x000000008ca00000, 0x000000008ca00000|100%| E|CS|TAMS 0x000000008c900000, 0x000000008c900000| Complete 
| 138|0x000000008ca00000, 0x000000008cb00000, 0x000000008cb00000|100%| E|CS|TAMS 0x000000008ca00000, 0x000000008ca00000| Complete 
| 139|0x000000008cb00000, 0x000000008cc00000, 0x000000008cc00000|100%| E|CS|TAMS 0x000000008cb00000, 0x000000008cb00000| Complete 
| 140|0x000000008cc00000, 0x000000008cd00000, 0x000000008cd00000|100%| E|CS|TAMS 0x000000008cc00000, 0x000000008cc00000| Complete 
| 141|0x000000008cd00000, 0x000000008ce00000, 0x000000008ce00000|100%| E|CS|TAMS 0x000000008cd00000, 0x000000008cd00000| Complete 
| 142|0x000000008ce00000, 0x000000008cf00000, 0x000000008cf00000|100%| E|CS|TAMS 0x000000008ce00000, 0x000000008ce00000| Complete 
| 143|0x000000008cf00000, 0x000000008d000000, 0x000000008d000000|100%| E|CS|TAMS 0x000000008cf00000, 0x000000008cf00000| Complete 
| 144|0x000000008d000000, 0x000000008d100000, 0x000000008d100000|100%| E|CS|TAMS 0x000000008d000000, 0x000000008d000000| Complete 
| 145|0x000000008d100000, 0x000000008d200000, 0x000000008d200000|100%| E|CS|TAMS 0x000000008d100000, 0x000000008d100000| Complete 
| 146|0x000000008d200000, 0x000000008d300000, 0x000000008d300000|100%| E|CS|TAMS 0x000000008d200000, 0x000000008d200000| Complete 
| 147|0x000000008d300000, 0x000000008d400000, 0x000000008d400000|100%| E|CS|TAMS 0x000000008d300000, 0x000000008d300000| Complete 
| 148|0x000000008d400000, 0x000000008d500000, 0x000000008d500000|100%| E|CS|TAMS 0x000000008d400000, 0x000000008d400000| Complete 
| 149|0x000000008d500000, 0x000000008d600000, 0x000000008d600000|100%| E|CS|TAMS 0x000000008d500000, 0x000000008d500000| Complete 
| 150|0x000000008d600000, 0x000000008d700000, 0x000000008d700000|100%| E|CS|TAMS 0x000000008d600000, 0x000000008d600000| Complete 
| 151|0x000000008d700000, 0x000000008d800000, 0x000000008d800000|100%| E|CS|TAMS 0x000000008d700000, 0x000000008d700000| Complete 
| 152|0x000000008d800000, 0x000000008d900000, 0x000000008d900000|100%| E|CS|TAMS 0x000000008d800000, 0x000000008d800000| Complete 
| 153|0x000000008d900000, 0x000000008da00000, 0x000000008da00000|100%| E|CS|TAMS 0x000000008d900000, 0x000000008d900000| Complete 
| 154|0x000000008da00000, 0x000000008db00000, 0x000000008db00000|100%| E|CS|TAMS 0x000000008da00000, 0x000000008da00000| Complete 
| 155|0x000000008db00000, 0x000000008dc00000, 0x000000008dc00000|100%| E|CS|TAMS 0x000000008db00000, 0x000000008db00000| Complete 
| 156|0x000000008dc00000, 0x000000008dd00000, 0x000000008dd00000|100%| E|CS|TAMS 0x000000008dc00000, 0x000000008dc00000| Complete 
| 157|0x000000008dd00000, 0x000000008de00000, 0x000000008de00000|100%| E|CS|TAMS 0x000000008dd00000, 0x000000008dd00000| Complete 
| 158|0x000000008de00000, 0x000000008df00000, 0x000000008df00000|100%| E|CS|TAMS 0x000000008de00000, 0x000000008de00000| Complete 
| 159|0x000000008df00000, 0x000000008e000000, 0x000000008e000000|100%| E|CS|TAMS 0x000000008df00000, 0x000000008df00000| Complete 
| 160|0x000000008e000000, 0x000000008e100000, 0x000000008e100000|100%| E|CS|TAMS 0x000000008e000000, 0x000000008e000000| Complete 
| 161|0x000000008e100000, 0x000000008e200000, 0x000000008e200000|100%| E|CS|TAMS 0x000000008e100000, 0x000000008e100000| Complete 
| 162|0x000000008e200000, 0x000000008e300000, 0x000000008e300000|100%| E|CS|TAMS 0x000000008e200000, 0x000000008e200000| Complete 
| 163|0x000000008e300000, 0x000000008e400000, 0x000000008e400000|100%| E|CS|TAMS 0x000000008e300000, 0x000000008e300000| Complete 

Card table byte_map: [0x000002856cc10000,0x000002856cff0000] _byte_map_base: 0x000002856c7f0000

Marking Bits (Prev, Next): (CMBitMap*) 0x000002855a6b2210, (CMBitMap*) 0x000002855a6b2250
 Prev Bits: [0x000002856d3d0000, 0x000002856f2d0000)
 Next Bits: [0x000002856f2d0000, 0x00000285711d0000)

Polling page: 0x0000028558660000

Metaspace:

Usage:
  Non-class:     86.99 MB used.
      Class:     12.81 MB used.
       Both:     99.80 MB used.

Virtual space:
  Non-class space:       88.00 MB reserved,      87.38 MB (>99%) committed,  11 nodes.
      Class space:        1.00 GB reserved,      13.19 MB (  1%) committed,  1 nodes.
             Both:        1.09 GB reserved,     100.56 MB (  9%) committed. 

Chunk freelists:
   Non-Class:  224.00 KB
       Class:  2.83 MB
        Both:  3.04 MB

MaxMetaspaceSize: unlimited
CompressedClassSpaceSize: 1.00 GB
Initial GC threshold: 21.00 MB
Current GC threshold: 130.31 MB
CDS: off
MetaspaceReclaimPolicy: balanced
 - commit_granule_bytes: 65536.
 - commit_granule_words: 8192.
 - virtual_space_node_default_size: 1048576.
 - enlarge_chunks_in_place: 1.
 - new_chunks_are_fully_committed: 0.
 - uncommit_free_chunks: 1.
 - use_allocation_guard: 0.
 - handle_deallocations: 1.


Internal statistics:

num_allocs_failed_limit: 6.
num_arena_births: 1354.
num_arena_deaths: 0.
num_vsnodes_births: 12.
num_vsnodes_deaths: 0.
num_space_committed: 1609.
num_space_uncommitted: 0.
num_chunks_returned_to_freelist: 6.
num_chunks_taken_from_freelist: 4992.
num_chunk_merges: 6.
num_chunk_splits: 3428.
num_chunks_enlarged: 2481.
num_purges: 0.
num_inconsistent_stats: 0.

CodeHeap 'non-profiled nmethods': size=120000Kb used=14857Kb max_used=14857Kb free=105142Kb
 bounds [0x0000028564db0000, 0x0000028565c40000, 0x000002856c2e0000]
CodeHeap 'profiled nmethods': size=120000Kb used=29842Kb max_used=29842Kb free=90157Kb
 bounds [0x000002855d880000, 0x000002855f5b0000, 0x0000028564db0000]
CodeHeap 'non-nmethods': size=5760Kb used=1490Kb max_used=1588Kb free=4269Kb
 bounds [0x000002855d2e0000, 0x000002855d550000, 0x000002855d880000]
 total_blobs=16063 nmethods=15313 adapters=660
 compilation: enabled
              stopped_count=0, restarted_count=0
 full_count=0

Compilation events (20 events):
Event: 1427.525 Thread 0x000002857483c680 18798       3       org.apache.coyote.Response::setError (10 bytes)
Event: 1427.526 Thread 0x000002857483c680 nmethod 18798 0x000002855f588f10 code [0x000002855f5890c0, 0x000002855f589228]
Event: 1427.533 Thread 0x000002857483c680 18799       3       org.apache.catalina.connector.Response::setStatus (25 bytes)
Event: 1427.534 Thread 0x000002857483c680 nmethod 18799 0x000002855f589310 code [0x000002855f5894c0, 0x000002855f589778]
Event: 1427.535 Thread 0x000002857483c680 18800       3       java.lang.StackTraceElement::dropModuleVersion (16 bytes)
Event: 1427.535 Thread 0x000002857483c680 nmethod 18800 0x000002855edc5010 code [0x000002855edc51a0, 0x000002855edc5318]
Event: 1427.535 Thread 0x000002857483c680 18801       3       com.fasterxml.jackson.databind.ser.std.DateSerializer::serialize (11 bytes)
Event: 1427.536 Thread 0x000002857483c680 nmethod 18801 0x000002855f589890 code [0x000002855f589a80, 0x000002855f58a0d8]
Event: 1427.538 Thread 0x000002857483bbe0 18802       4       ch.qos.logback.classic.spi.StackTraceElementProxy::<init> (24 bytes)
Event: 1427.539 Thread 0x000002857483bbe0 nmethod 18802 0x0000028565c2f810 code [0x0000028565c2f980, 0x0000028565c2fad8]
Event: 1427.539 Thread 0x000002857483bbe0 18803       4       ch.qos.logback.classic.spi.ThrowableProxyUtil::indent (21 bytes)
Event: 1427.545 Thread 0x000002857483bbe0 nmethod 18803 0x0000028565c2fb90 code [0x0000028565c2fd20, 0x0000028565c302f8]
Event: 1427.549 Thread 0x000002857483bbe0 18804       4       ch.qos.logback.classic.pattern.ThrowableProxyConverter::isIgnoredStackTraceLine (51 bytes)
Event: 1427.549 Thread 0x000002857483c680 18805       3       java.util.concurrent.locks.LockSupport::park (23 bytes)
Event: 1427.550 Thread 0x000002857483c680 nmethod 18805 0x000002855f58a310 code [0x000002855f58a4c0, 0x000002855f58a688]
Event: 1427.550 Thread 0x000002857483bbe0 nmethod 18804 0x0000028565c30710 code [0x0000028565c30880, 0x0000028565c30918]
Event: 1427.553 Thread 0x000002857483bbe0 18806       4       java.util.concurrent.locks.AbstractQueuedSynchronizer$ConditionObject::enableWait (84 bytes)
Event: 1427.562 Thread 0x000002857483bbe0 nmethod 18806 0x0000028565c30a10 code [0x0000028565c30bc0, 0x0000028565c312c8]
Event: 1427.565 Thread 0x000002857483c680 18807       3       sun.nio.ch.SocketOptionRegistry$RegistryKey::<init> (15 bytes)
Event: 1427.566 Thread 0x000002857483c680 nmethod 18807 0x000002855f58a790 code [0x000002855f58a940, 0x000002855f58ab58]

GC Heap History (20 events):
Event: 1298.259 GC heap before
{Heap before GC invocations=78 (full 0):
 garbage-first heap   total 167936K, used 146399K [0x0000000084000000, 0x0000000100000000)
  region size 1024K, 90 young (92160K), 1 survivors (1024K)
 Metaspace       used 101792K, committed 102592K, reserved 1138688K
  class space    used 13120K, committed 13504K, reserved 1048576K
}
Event: 1298.260 GC heap after
{Heap after GC invocations=79 (full 0):
 garbage-first heap   total 167936K, used 56185K [0x0000000084000000, 0x0000000100000000)
  region size 1024K, 1 young (1024K), 1 survivors (1024K)
 Metaspace       used 101792K, committed 102592K, reserved 1138688K
  class space    used 13120K, committed 13504K, reserved 1048576K
}
Event: 1305.681 GC heap before
{Heap before GC invocations=79 (full 0):
 garbage-first heap   total 167936K, used 147321K [0x0000000084000000, 0x0000000100000000)
  region size 1024K, 90 young (92160K), 1 survivors (1024K)
 Metaspace       used 101905K, committed 102656K, reserved 1138688K
  class space    used 13120K, committed 13504K, reserved 1048576K
}
Event: 1305.683 GC heap after
{Heap after GC invocations=80 (full 0):
 garbage-first heap   total 167936K, used 56440K [0x0000000084000000, 0x0000000100000000)
  region size 1024K, 1 young (1024K), 1 survivors (1024K)
 Metaspace       used 101905K, committed 102656K, reserved 1138688K
  class space    used 13120K, committed 13504K, reserved 1048576K
}
Event: 1306.267 GC heap before
{Heap before GC invocations=80 (full 0):
 garbage-first heap   total 167936K, used 147576K [0x0000000084000000, 0x0000000100000000)
  region size 1024K, 90 young (92160K), 1 survivors (1024K)
 Metaspace       used 101923K, committed 102656K, reserved 1138688K
  class space    used 13120K, committed 13504K, reserved 1048576K
}
Event: 1306.269 GC heap after
{Heap after GC invocations=81 (full 0):
 garbage-first heap   total 167936K, used 56315K [0x0000000084000000, 0x0000000100000000)
  region size 1024K, 1 young (1024K), 1 survivors (1024K)
 Metaspace       used 101923K, committed 102656K, reserved 1138688K
  class space    used 13120K, committed 13504K, reserved 1048576K
}
Event: 1309.687 GC heap before
{Heap before GC invocations=81 (full 0):
 garbage-first heap   total 167936K, used 147451K [0x0000000084000000, 0x0000000100000000)
  region size 1024K, 90 young (92160K), 1 survivors (1024K)
 Metaspace       used 101935K, committed 102720K, reserved 1138688K
  class space    used 13120K, committed 13504K, reserved 1048576K
}
Event: 1309.689 GC heap after
{Heap after GC invocations=82 (full 0):
 garbage-first heap   total 167936K, used 56176K [0x0000000084000000, 0x0000000100000000)
  region size 1024K, 1 young (1024K), 1 survivors (1024K)
 Metaspace       used 101935K, committed 102720K, reserved 1138688K
  class space    used 13120K, committed 13504K, reserved 1048576K
}
Event: 1366.221 GC heap before
{Heap before GC invocations=82 (full 0):
 garbage-first heap   total 167936K, used 146288K [0x0000000084000000, 0x0000000100000000)
  region size 1024K, 90 young (92160K), 1 survivors (1024K)
 Metaspace       used 101939K, committed 102720K, reserved 1138688K
  class space    used 13120K, committed 13504K, reserved 1048576K
}
Event: 1366.222 GC heap after
{Heap after GC invocations=83 (full 0):
 garbage-first heap   total 167936K, used 56311K [0x0000000084000000, 0x0000000100000000)
  region size 1024K, 1 young (1024K), 1 survivors (1024K)
 Metaspace       used 101939K, committed 102720K, reserved 1138688K
  class space    used 13120K, committed 13504K, reserved 1048576K
}
Event: 1372.997 GC heap before
{Heap before GC invocations=83 (full 0):
 garbage-first heap   total 167936K, used 147447K [0x0000000084000000, 0x0000000100000000)
  region size 1024K, 90 young (92160K), 1 survivors (1024K)
 Metaspace       used 101963K, committed 102720K, reserved 1138688K
  class space    used 13120K, committed 13504K, reserved 1048576K
}
Event: 1373.000 GC heap after
{Heap after GC invocations=84 (full 0):
 garbage-first heap   total 167936K, used 56459K [0x0000000084000000, 0x0000000100000000)
  region size 1024K, 1 young (1024K), 1 survivors (1024K)
 Metaspace       used 101963K, committed 102720K, reserved 1138688K
  class space    used 13120K, committed 13504K, reserved 1048576K
}
Event: 1373.378 GC heap before
{Heap before GC invocations=84 (full 0):
 garbage-first heap   total 167936K, used 147595K [0x0000000084000000, 0x0000000100000000)
  region size 1024K, 90 young (92160K), 1 survivors (1024K)
 Metaspace       used 101974K, committed 102784K, reserved 1138688K
  class space    used 13120K, committed 13504K, reserved 1048576K
}
Event: 1373.381 GC heap after
{Heap after GC invocations=85 (full 0):
 garbage-first heap   total 167936K, used 56230K [0x0000000084000000, 0x0000000100000000)
  region size 1024K, 1 young (1024K), 1 survivors (1024K)
 Metaspace       used 101974K, committed 102784K, reserved 1138688K
  class space    used 13120K, committed 13504K, reserved 1048576K
}
Event: 1374.814 GC heap before
{Heap before GC invocations=85 (full 0):
 garbage-first heap   total 167936K, used 147366K [0x0000000084000000, 0x0000000100000000)
  region size 1024K, 90 young (92160K), 1 survivors (1024K)
 Metaspace       used 102016K, committed 102848K, reserved 1138688K
  class space    used 13120K, committed 13504K, reserved 1048576K
}
Event: 1374.815 GC heap after
{Heap after GC invocations=86 (full 0):
 garbage-first heap   total 167936K, used 56499K [0x0000000084000000, 0x0000000100000000)
  region size 1024K, 1 young (1024K), 1 survivors (1024K)
 Metaspace       used 102016K, committed 102848K, reserved 1138688K
  class space    used 13120K, committed 13504K, reserved 1048576K
}
Event: 1418.644 GC heap before
{Heap before GC invocations=86 (full 0):
 garbage-first heap   total 167936K, used 147635K [0x0000000084000000, 0x0000000100000000)
  region size 1024K, 90 young (92160K), 1 survivors (1024K)
 Metaspace       used 102048K, committed 102848K, reserved 1138688K
  class space    used 13120K, committed 13504K, reserved 1048576K
}
Event: 1418.646 GC heap after
{Heap after GC invocations=87 (full 0):
 garbage-first heap   total 167936K, used 56648K [0x0000000084000000, 0x0000000100000000)
  region size 1024K, 1 young (1024K), 1 survivors (1024K)
 Metaspace       used 102048K, committed 102848K, reserved 1138688K
  class space    used 13120K, committed 13504K, reserved 1048576K
}
Event: 1422.206 GC heap before
{Heap before GC invocations=87 (full 0):
 garbage-first heap   total 167936K, used 147784K [0x0000000084000000, 0x0000000100000000)
  region size 1024K, 90 young (92160K), 1 survivors (1024K)
 Metaspace       used 102133K, committed 102912K, reserved 1138688K
  class space    used 13120K, committed 13504K, reserved 1048576K
}
Event: 1422.208 GC heap after
{Heap after GC invocations=88 (full 0):
 garbage-first heap   total 167936K, used 56241K [0x0000000084000000, 0x0000000100000000)
  region size 1024K, 1 young (1024K), 1 survivors (1024K)
 Metaspace       used 102133K, committed 102912K, reserved 1138688K
  class space    used 13120K, committed 13504K, reserved 1048576K
}

Deoptimization events (20 events):
Event: 1427.552 Thread 0x0000028579c51600 DEOPT PACKING pc=0x000002855f284064 sp=0x000000906fffe620
Event: 1427.552 Thread 0x0000028579c51600 DEOPT UNPACKING pc=0x000002855d336763 sp=0x000000906fffdc68 mode 1
Event: 1427.565 Thread 0x0000028579c52e10 DEOPT PACKING pc=0x00000285659031ec sp=0x00000090701fe3d0
Event: 1427.565 Thread 0x0000028579c52e10 DEOPT UNPACKING pc=0x000002855d336763 sp=0x00000090701fd850 mode 1
Event: 1427.565 Thread 0x0000028579c52e10 DEOPT PACKING pc=0x000002855edd7354 sp=0x00000090701fe410
Event: 1427.565 Thread 0x0000028579c52e10 DEOPT UNPACKING pc=0x000002855d336763 sp=0x00000090701fd8f8 mode 1
Event: 1427.565 Thread 0x0000028579c52e10 DEOPT PACKING pc=0x000002855edaef64 sp=0x00000090701fe500
Event: 1427.565 Thread 0x0000028579c52e10 DEOPT UNPACKING pc=0x000002855d336763 sp=0x00000090701fd9b0 mode 1
Event: 1427.565 Thread 0x0000028579c52e10 DEOPT PACKING pc=0x000002855e711dac sp=0x00000090701fe5c0
Event: 1427.565 Thread 0x0000028579c52e10 DEOPT UNPACKING pc=0x000002855d336763 sp=0x00000090701fda80 mode 1
Event: 1427.565 Thread 0x0000028579c52e10 DEOPT PACKING pc=0x00000285657f20b8 sp=0x00000090701fe640
Event: 1427.565 Thread 0x0000028579c52e10 DEOPT UNPACKING pc=0x000002855d336763 sp=0x00000090701fda38 mode 1
Event: 1427.565 Thread 0x0000028579c52e10 DEOPT PACKING pc=0x000002855e711194 sp=0x00000090701fe810
Event: 1427.565 Thread 0x0000028579c52e10 DEOPT UNPACKING pc=0x000002855d336763 sp=0x00000090701fdc98 mode 1
Event: 1427.565 Thread 0x0000028579c52e10 DEOPT PACKING pc=0x0000028565bfe7d8 sp=0x00000090701fe8c0
Event: 1427.565 Thread 0x0000028579c52e10 DEOPT UNPACKING pc=0x000002855d336763 sp=0x00000090701fdbe0 mode 1
Event: 1427.565 Thread 0x0000028579c52e10 DEOPT PACKING pc=0x000002855e94c664 sp=0x00000090701fe9b0
Event: 1427.565 Thread 0x0000028579c52e10 DEOPT UNPACKING pc=0x000002855d336763 sp=0x00000090701fdec8 mode 1
Event: 1427.565 Thread 0x0000028579c52e10 DEOPT PACKING pc=0x000002855f284064 sp=0x00000090701fea70
Event: 1427.565 Thread 0x0000028579c52e10 DEOPT UNPACKING pc=0x000002855d336763 sp=0x00000090701fe0b8 mode 1

Classes unloaded (0 events):
No events

Classes redefined (0 events):
No events

Internal exceptions (20 events):
Event: 105.801 Thread 0x0000028579c50c60 Exception <a 'sun/net/ConnectionResetException'{0x000000008b39b3a0}: Connection reset> (0x000000008b39b3a0) 
thrown [e:\jenkins\tmp\workspace\build\src\src\hotspot\share\prims\jni.cpp, line 535]
Event: 106.815 Thread 0x0000028579c50c60 Implicit null exception at 0x00000285652d41c5 to 0x00000285652d5508
Event: 106.815 Thread 0x0000028579c50c60 Implicit null exception at 0x00000285658600ee to 0x00000285658619ec
Event: 106.823 Thread 0x0000028579c50c60 Implicit null exception at 0x0000028565753203 to 0x000002856575552c
Event: 106.823 Thread 0x0000028579c50c60 Implicit null exception at 0x00000285656d0094 to 0x00000285656d0430
Event: 1309.621 Thread 0x0000028579c55e30 Implicit null exception at 0x0000028565bcb0af to 0x0000028565bd0690
Event: 1371.758 Thread 0x0000028579c537b0 Implicit null exception at 0x0000028565be5655 to 0x0000028565bead28
Event: 1373.204 Thread 0x0000028579c52940 Exception <a 'java/net/SocketException'{0x000000008aaac1c0}: Connection reset by peer: shutdown> (0x000000008aaac1c0) 
thrown [e:\jenkins\tmp\workspace\build\src\src\hotspot\share\prims\jni.cpp, line 535]
Event: 1427.408 Thread 0x0000028579c53c80 Exception <a 'java/io/IOException'{0x000000008bb79900}> (0x000000008bb79900) 
thrown [e:\jenkins\tmp\workspace\build\src\src\hotspot\share\prims\jni.cpp, line 516]
Event: 1427.423 Thread 0x0000028579c55960 Exception <a 'java/io/IOException'{0x000000008ba83198}> (0x000000008ba83198) 
thrown [e:\jenkins\tmp\workspace\build\src\src\hotspot\share\prims\jni.cpp, line 516]
Event: 1427.492 Thread 0x0000028579c51130 Exception <a 'java/io/IOException'{0x000000008b925af0}> (0x000000008b925af0) 
thrown [e:\jenkins\tmp\workspace\build\src\src\hotspot\share\prims\jni.cpp, line 516]
Event: 1427.499 Thread 0x0000028579c537b0 Exception <a 'java/io/IOException'{0x000000008b9ccbf0}> (0x000000008b9ccbf0) 
thrown [e:\jenkins\tmp\workspace\build\src\src\hotspot\share\prims\jni.cpp, line 516]
Event: 1427.504 Thread 0x0000028579c53c80 Exception <a 'java/io/IOException'{0x000000008bbfc4e0}> (0x000000008bbfc4e0) 
thrown [e:\jenkins\tmp\workspace\build\src\src\hotspot\share\prims\jni.cpp, line 516]
Event: 1427.510 Thread 0x0000028579c55960 Exception <a 'java/io/IOException'{0x000000008bacb358}> (0x000000008bacb358) 
thrown [e:\jenkins\tmp\workspace\build\src\src\hotspot\share\prims\jni.cpp, line 516]
Event: 1427.516 Thread 0x0000028579c51130 Exception <a 'java/io/IOException'{0x000000008b965900}> (0x000000008b965900) 
thrown [e:\jenkins\tmp\workspace\build\src\src\hotspot\share\prims\jni.cpp, line 516]
Event: 1427.525 Thread 0x0000028579c537b0 Exception <a 'java/io/IOException'{0x000000008b9fd1d0}> (0x000000008b9fd1d0) 
thrown [e:\jenkins\tmp\workspace\build\src\src\hotspot\share\prims\jni.cpp, line 516]
Event: 1427.536 Thread 0x0000028579c51600 Exception <a 'java/io/IOException'{0x000000008b712d48}> (0x000000008b712d48) 
thrown [e:\jenkins\tmp\workspace\build\src\src\hotspot\share\prims\jni.cpp, line 516]
Event: 1427.547 Thread 0x0000028579c52e10 Exception <a 'java/io/IOException'{0x000000008b7db630}> (0x000000008b7db630) 
thrown [e:\jenkins\tmp\workspace\build\src\src\hotspot\share\prims\jni.cpp, line 516]
Event: 1427.552 Thread 0x0000028579c51600 Exception <a 'java/io/IOException'{0x000000008b753368}> (0x000000008b753368) 
thrown [e:\jenkins\tmp\workspace\build\src\src\hotspot\share\prims\jni.cpp, line 516]
Event: 1427.565 Thread 0x0000028579c52e10 Exception <a 'java/io/IOException'{0x000000008b61b9a8}> (0x000000008b61b9a8) 
thrown [e:\jenkins\tmp\workspace\build\src\src\hotspot\share\prims\jni.cpp, line 516]

VM Operations (20 events):
Event: 1374.390 Executing VM operation: Cleanup
Event: 1374.390 Executing VM operation: Cleanup done
Event: 1374.814 Executing VM operation: G1CollectForAllocation
Event: 1374.815 Executing VM operation: G1CollectForAllocation done
Event: 1416.204 Executing VM operation: Cleanup
Event: 1416.204 Executing VM operation: Cleanup done
Event: 1418.279 Executing VM operation: HandshakeAllThreads
Event: 1418.280 Executing VM operation: HandshakeAllThreads done
Event: 1418.644 Executing VM operation: G1CollectForAllocation
Event: 1418.646 Executing VM operation: G1CollectForAllocation done
Event: 1419.652 Executing VM operation: Cleanup
Event: 1419.652 Executing VM operation: Cleanup done
Event: 1420.666 Executing VM operation: Cleanup
Event: 1420.666 Executing VM operation: Cleanup done
Event: 1421.677 Executing VM operation: Cleanup
Event: 1421.677 Executing VM operation: Cleanup done
Event: 1422.205 Executing VM operation: G1CollectForAllocation
Event: 1422.208 Executing VM operation: G1CollectForAllocation done
Event: 1423.214 Executing VM operation: Cleanup
Event: 1423.214 Executing VM operation: Cleanup done

Events (20 events):
Event: 1427.383 loading class jdk/internal/reflect/GeneratedMethodAccessor99 done
Event: 1427.383 loading class jdk/internal/reflect/GeneratedMethodAccessor99
Event: 1427.383 loading class jdk/internal/reflect/GeneratedMethodAccessor99 done
Event: 1427.383 loading class jdk/internal/reflect/GeneratedMethodAccessor99
Event: 1427.383 loading class jdk/internal/reflect/GeneratedMethodAccessor99 done
Event: 1427.384 loading class jdk/internal/reflect/GeneratedMethodAccessor99
Event: 1427.384 loading class jdk/internal/reflect/GeneratedMethodAccessor99 done
Event: 1427.384 loading class jdk/internal/reflect/GeneratedMethodAccessor99
Event: 1427.384 loading class jdk/internal/reflect/GeneratedMethodAccessor99 done
Event: 1427.384 loading class jdk/internal/reflect/GeneratedMethodAccessor99
Event: 1427.384 loading class jdk/internal/reflect/GeneratedMethodAccessor99 done
Event: 1427.396 Thread 0x00000285056db4a0 Thread added: 0x00000285056db4a0
Event: 1427.519 loading class jdk/internal/reflect/GeneratedMethodAccessor99
Event: 1427.519 loading class jdk/internal/reflect/GeneratedMethodAccessor99 done
Event: 1427.520 loading class jdk/internal/reflect/GeneratedMethodAccessor99
Event: 1427.520 loading class jdk/internal/reflect/GeneratedMethodAccessor99 done
Event: 1427.520 loading class jdk/internal/reflect/GeneratedMethodAccessor99
Event: 1427.520 loading class jdk/internal/reflect/GeneratedMethodAccessor99 done
Event: 1427.520 loading class jdk/internal/reflect/GeneratedMethodAccessor99
Event: 1427.520 loading class jdk/internal/reflect/GeneratedMethodAccessor99 done


Dynamic libraries:
0x00007ff602fb0000 - 0x00007ff602fbe000 	C:\Users\Admin\.vscode\extensions\redhat.java-1.4.0\jre\17.0.2-win32-x86_64\bin\java.exe
0x00007ff815370000 - 0x00007ff815568000 	C:\Windows\SYSTEM32\ntdll.dll
0x00007ff8149b0000 - 0x00007ff814a6d000 	C:\Windows\System32\KERNEL32.DLL
0x00007ff812d00000 - 0x00007ff812ff6000 	C:\Windows\System32\KERNELBASE.dll
0x00007ff8132d0000 - 0x00007ff8133d0000 	C:\Windows\System32\ucrtbase.dll
0x00007ff80a470000 - 0x00007ff80a488000 	C:\Users\Admin\.vscode\extensions\redhat.java-1.4.0\jre\17.0.2-win32-x86_64\bin\jli.dll
0x00007ff80a8e0000 - 0x00007ff80a8f9000 	C:\Users\Admin\.vscode\extensions\redhat.java-1.4.0\jre\17.0.2-win32-x86_64\bin\VCRUNTIME140.dll
0x00007ff813ba0000 - 0x00007ff813d3e000 	C:\Windows\System32\USER32.dll
0x00007ff812ac0000 - 0x00007ff812ae2000 	C:\Windows\System32\win32u.dll
0x00007ffffaa70000 - 0x00007ffffad0a000 	C:\Windows\WinSxS\amd64_microsoft.windows.common-controls_6595b64144ccf1df_6.0.19041.3636_none_60b6a03d71f818d5\COMCTL32.dll
0x00007ff8150c0000 - 0x00007ff8150ec000 	C:\Windows\System32\GDI32.dll
0x00007ff814540000 - 0x00007ff8145de000 	C:\Windows\System32\msvcrt.dll
0x00007ff812be0000 - 0x00007ff812cfa000 	C:\Windows\System32\gdi32full.dll
0x00007ff812af0000 - 0x00007ff812b8d000 	C:\Windows\System32\msvcp_win.dll
0x00007ff814490000 - 0x00007ff8144c0000 	C:\Windows\System32\IMM32.DLL
0x00007ff80c390000 - 0x00007ff80c39c000 	C:\Users\Admin\.vscode\extensions\redhat.java-1.4.0\jre\17.0.2-win32-x86_64\bin\vcruntime140_1.dll
0x00007fffd2b80000 - 0x00007fffd2c11000 	C:\Users\Admin\.vscode\extensions\redhat.java-1.4.0\jre\17.0.2-win32-x86_64\bin\msvcp140.dll
0x00007fffadca0000 - 0x00007fffae8e7000 	C:\Users\Admin\.vscode\extensions\redhat.java-1.4.0\jre\17.0.2-win32-x86_64\bin\server\jvm.dll
0x00007ff813480000 - 0x00007ff81352f000 	C:\Windows\System32\ADVAPI32.dll
0x00007ff815160000 - 0x00007ff8151fc000 	C:\Windows\System32\sechost.dll
0x00007ff814880000 - 0x00007ff8149a6000 	C:\Windows\System32\RPCRT4.dll
0x00007ff8145e0000 - 0x00007ff8145e8000 	C:\Windows\System32\PSAPI.DLL
0x00007ff80c340000 - 0x00007ff80c349000 	C:\Windows\SYSTEM32\WSOCK32.dll
0x00007ff800ae0000 - 0x00007ff800b07000 	C:\Windows\SYSTEM32\WINMM.dll
0x00007ff80a240000 - 0x00007ff80a24a000 	C:\Windows\SYSTEM32\VERSION.dll
0x00007ff8150f0000 - 0x00007ff81515b000 	C:\Windows\System32\ws2_32.DLL
0x00007ff8112d0000 - 0x00007ff8112e2000 	C:\Windows\SYSTEM32\kernel.appcore.dll
0x00007ff80b0e0000 - 0x00007ff80b0ea000 	C:\Users\Admin\.vscode\extensions\redhat.java-1.4.0\jre\17.0.2-win32-x86_64\bin\jimage.dll
0x00007ff810fc0000 - 0x00007ff8111a4000 	C:\Windows\SYSTEM32\DBGHELP.DLL
0x00007ffff6920000 - 0x00007ffff6954000 	C:\Windows\SYSTEM32\dbgcore.DLL
0x00007ff813190000 - 0x00007ff813212000 	C:\Windows\System32\bcryptPrimitives.dll
0x00007ff80c3c0000 - 0x00007ff80c3fb000 	C:\Users\Admin\.vscode\extensions\redhat.java-1.4.0\jre\17.0.2-win32-x86_64\bin\jdwp.dll
0x00007ffff9370000 - 0x00007ffff9395000 	C:\Users\Admin\.vscode\extensions\redhat.java-1.4.0\jre\17.0.2-win32-x86_64\bin\java.dll
0x00007ffff93f0000 - 0x00007ffff9408000 	C:\Users\Admin\.vscode\extensions\redhat.java-1.4.0\jre\17.0.2-win32-x86_64\bin\zip.dll
0x00007ff813d40000 - 0x00007ff814484000 	C:\Windows\System32\SHELL32.dll
0x00007ff810820000 - 0x00007ff810fbb000 	C:\Windows\SYSTEM32\windows.storage.dll
0x00007ff814a80000 - 0x00007ff814dd4000 	C:\Windows\System32\combase.dll
0x00007ff812490000 - 0x00007ff8124bd000 	C:\Windows\SYSTEM32\Wldp.dll
0x00007ff813a00000 - 0x00007ff813aad000 	C:\Windows\System32\SHCORE.dll
0x00007ff813ab0000 - 0x00007ff813b05000 	C:\Windows\System32\shlwapi.dll
0x00007ff812980000 - 0x00007ff8129a5000 	C:\Windows\SYSTEM32\profapi.dll
0x00007ff80c3b0000 - 0x00007ff80c3bc000 	C:\Users\Admin\.vscode\extensions\redhat.java-1.4.0\jre\17.0.2-win32-x86_64\bin\dt_socket.dll
0x00007ff811e90000 - 0x00007ff811ecb000 	C:\Windows\SYSTEM32\IPHLPAPI.DLL
0x00007ff8121f0000 - 0x00007ff81225a000 	C:\Windows\system32\mswsock.dll
0x00007ff811ed0000 - 0x00007ff811f9a000 	C:\Windows\SYSTEM32\DNSAPI.dll
0x00007ff814a70000 - 0x00007ff814a78000 	C:\Windows\System32\NSI.dll
0x00007ff80a530000 - 0x00007ff80a53a000 	C:\Windows\System32\rasadhlp.dll
0x00007ff80a280000 - 0x00007ff80a300000 	C:\Windows\System32\fwpuclnt.dll
0x00007ff813000000 - 0x00007ff813027000 	C:\Windows\System32\bcrypt.dll
0x00007ffff8fa0000 - 0x00007ffff8fb9000 	C:\Users\Admin\.vscode\extensions\redhat.java-1.4.0\jre\17.0.2-win32-x86_64\bin\net.dll
0x00007ff80ce90000 - 0x00007ff80cf9a000 	C:\Windows\SYSTEM32\WINHTTP.dll
0x00007ffff8ca0000 - 0x00007ffff8cb5000 	C:\Users\Admin\.vscode\extensions\redhat.java-1.4.0\jre\17.0.2-win32-x86_64\bin\nio.dll
0x00007ffff8c80000 - 0x00007ffff8c89000 	C:\Users\Admin\.vscode\extensions\redhat.java-1.4.0\jre\17.0.2-win32-x86_64\bin\management.dll
0x00007ffff8820000 - 0x00007ffff882b000 	C:\Users\Admin\.vscode\extensions\redhat.java-1.4.0\jre\17.0.2-win32-x86_64\bin\management_ext.dll
0x00007ff8123f0000 - 0x00007ff812408000 	C:\Windows\SYSTEM32\CRYPTSP.dll
0x00007ff811ab0000 - 0x00007ff811ae4000 	C:\Windows\system32\rsaenh.dll
0x00007ff812900000 - 0x00007ff81292e000 	C:\Windows\SYSTEM32\USERENV.dll
0x00007ff8123e0000 - 0x00007ff8123ec000 	C:\Windows\SYSTEM32\CRYPTBASE.dll
0x00007ff80a580000 - 0x00007ff80a597000 	C:\Windows\SYSTEM32\dhcpcsvc6.DLL
0x00007ff80a680000 - 0x00007ff80a69d000 	C:\Windows\SYSTEM32\dhcpcsvc.DLL
0x00007ffff84b0000 - 0x00007ffff84be000 	C:\Users\Admin\.vscode\extensions\redhat.java-1.4.0\jre\17.0.2-win32-x86_64\bin\sunmscapi.dll
0x00007ff813030000 - 0x00007ff81318d000 	C:\Windows\System32\CRYPT32.dll
0x00007ff812500000 - 0x00007ff812527000 	C:\Windows\SYSTEM32\ncrypt.dll
0x00007ff8124c0000 - 0x00007ff8124fb000 	C:\Windows\SYSTEM32\NTASN1.dll
0x00007ffff8c90000 - 0x00007ffff8ca0000 	C:\Users\Admin\.vscode\extensions\redhat.java-1.4.0\jre\17.0.2-win32-x86_64\bin\verify.dll
0x00007fffeb3d0000 - 0x00007fffeb3e7000 	C:\Windows\system32\napinsp.dll
0x00007fffe84d0000 - 0x00007fffe84eb000 	C:\Windows\system32\pnrpnsp.dll
0x00007fffe8490000 - 0x00007fffe84a5000 	C:\Windows\system32\wshbth.dll
0x00007ff80ce60000 - 0x00007ff80ce7d000 	C:\Windows\system32\NLAapi.dll
0x00007fffe8470000 - 0x00007fffe8482000 	C:\Windows\System32\winrnr.dll
0x00007ff80c350000 - 0x00007ff80c357000 	C:\Windows\system32\wshunix.dll

dbghelp: loaded successfully - version: 4.0.5 - missing functions: none
symbol engine: initialized successfully - sym options: 0x614 - pdb path: .;C:\Users\Admin\.vscode\extensions\redhat.java-1.4.0\jre\17.0.2-win32-x86_64\bin;C:\Windows\SYSTEM32;C:\Windows\WinSxS\amd64_microsoft.windows.common-controls_6595b64144ccf1df_6.0.19041.3636_none_60b6a03d71f818d5;C:\Users\Admin\.vscode\extensions\redhat.java-1.4.0\jre\17.0.2-win32-x86_64\bin\server

VM Arguments:
jvm_args: -agentlib:jdwp=transport=dt_socket,server=n,suspend=y,address=localhost:61890 -XX:+ShowCodeDetailsInExceptionMessages 
java_command: com.poly.DATN_BookWorms.DatnBookWormsApplication
java_class_path (initial): E:\DuAnTotNghiep\project\DATN_BookWorms\target\classes;C:\Users\Admin\.m2\repository\org\springframework\boot\spring-boot-starter-thymeleaf\3.1.4\spring-boot-starter-thymeleaf-3.1.4.jar;C:\Users\Admin\.m2\repository\org\springframework\boot\spring-boot-starter\3.1.4\spring-boot-starter-3.1.4.jar;C:\Users\Admin\.m2\repository\org\springframework\boot\spring-boot-starter-logging\3.1.4\spring-boot-starter-logging-3.1.4.jar;C:\Users\Admin\.m2\repository\ch\qos\logback\logback-classic\1.4.11\logback-classic-1.4.11.jar;C:\Users\Admin\.m2\repository\ch\qos\logback\logback-core\1.4.11\logback-core-1.4.11.jar;C:\Users\Admin\.m2\repository\org\apache\logging\log4j\log4j-to-slf4j\2.20.0\log4j-to-slf4j-2.20.0.jar;C:\Users\Admin\.m2\repository\org\apache\logging\log4j\log4j-api\2.20.0\log4j-api-2.20.0.jar;C:\Users\Admin\.m2\repository\org\slf4j\jul-to-slf4j\2.0.9\jul-to-slf4j-2.0.9.jar;C:\Users\Admin\.m2\repository\org\yaml\snakeyaml\1.33\snakeyaml-1.33.jar;C:\Users\Admin\.m2\repository\org\thymeleaf\thymeleaf-spring6\3.1.2.RELEASE\thymeleaf-spring6-3.1.2.RELEASE.jar;C:\Users\Admin\.m2\repository\org\thymeleaf\thymeleaf\3.1.2.RELEASE\thymeleaf-3.1.2.RELEASE.jar;C:\Users\Admin\.m2\repository\org\attoparser\attoparser\2.0.7.RELEASE\attoparser-2.0.7.RELEASE.jar;C:\Users\Admin\.m2\repository\org\unbescape\unbescape\1.1.6.RELEASE\unbescape-1.1.6.RELEASE.jar;C:\Users\Admin\.m2\repository\org\slf4j\slf4j-api\2.0.9\slf4j-api-2.0.9.jar;C:\Users\Admin\.m2\repository\org\springframework\boot\spring-boot-starter-web\3.1.4\spring-boot-starter-web-3.1.4.jar;C:\Users\Admin\.m2\repository\org\springframework\boot\spring-boot-starter-json\3.1.4\spring-boot-starter-json-3.1.4.jar;C:\Users\Admin\.m2\repository\com\fasterxml\jackson\datatype\jackson-datatype-jdk8\2.15.2\jackson-datatype-jdk8-2.15.2.jar;C:\Users\Admin\.m2\repository\com\fasterxml\jackson\module\jackson-module-parameter-names\2.15.2\jackson-module-parameter-names-2.15.2.jar;C:\Users\Admin\.m2\repository\o
Launcher Type: SUN_STANDARD

[Global flags]
     intx CICompilerCount                          = 4                                         {product} {ergonomic}
     uint ConcGCThreads                            = 3                                         {product} {ergonomic}
     uint G1ConcRefinementThreads                  = 10                                        {product} {ergonomic}
   size_t G1HeapRegionSize                         = 1048576                                   {product} {ergonomic}
    uintx GCDrainStackTargetSize                   = 64                                        {product} {ergonomic}
   size_t InitialHeapSize                          = 130023424                                 {product} {ergonomic}
   size_t MarkStackSize                            = 4194304                                   {product} {ergonomic}
   size_t MaxHeapSize                              = 2080374784                                {product} {ergonomic}
   size_t MaxNewSize                               = 1247805440                                {product} {ergonomic}
   size_t MinHeapDeltaBytes                        = 1048576                                   {product} {ergonomic}
   size_t MinHeapSize                              = 8388608                                   {product} {ergonomic}
    uintx NonNMethodCodeHeapSize                   = 5839372                                {pd product} {ergonomic}
    uintx NonProfiledCodeHeapSize                  = 122909434                              {pd product} {ergonomic}
    uintx ProfiledCodeHeapSize                     = 122909434                              {pd product} {ergonomic}
    uintx ReservedCodeCacheSize                    = 251658240                              {pd product} {ergonomic}
     bool SegmentedCodeCache                       = true                                      {product} {ergonomic}
     bool ShowCodeDetailsInExceptionMessages       = true                                   {manageable} {command line}
   size_t SoftMaxHeapSize                          = 2080374784                             {manageable} {ergonomic}
     bool UseCompressedClassPointers               = true                           {product lp64_product} {ergonomic}
     bool UseCompressedOops                        = true                           {product lp64_product} {ergonomic}
     bool UseG1GC                                  = true                                      {product} {ergonomic}
     bool UseLargePagesIndividualAllocation        = false                                  {pd product} {ergonomic}

Logging:
Log output configuration:
 #0: stdout all=warning uptime,level,tags
 #1: stderr all=off uptime,level,tags

Environment Variables:
JAVA_HOME=C:\Program Files\Java\jdk1.8.0_221
CLASSPATH=%CLASSPATH%;%JUNIT_HOME%\junit-4.12.jar;.;;D:\junit-4.12.jar\junit-4.12.jar;.;;D:\junit-4.12.jar\junit-4.12.jar;.;
PATH=c:\Users\Admin\AppData\Roaming\Code\User\globalStorage\microsoft-isvexptools.powerplatform-vscode\pac\tools;C:\Program Files (x86)\Common Files\Oracle\Java\javapath;C:\Program Files\Common Files\Oracle\Java\javapath;C:\Windows\system32;C:\Windows;C:\Windows\System32\Wbem;C:\Windows\System32\WindowsPowerShell\v1.0\;C:\Windows\System32\OpenSSH\;C:\Program Files (x86)\mingw-w64\i686-8.1.0-posix-dwarf-rt_v6-rev0\mingw32\bin;C:\Program Files\Microsoft SQL Server\150\Tools\Binn\;C:\User\Admin\Downloads\cmder2\bin;C:\Program Files\Git\cmd;C:\Program Files\Java\jdk-11.0.13\bin;C:\Program Files\nodejs\;C:\Program Files\Microsoft SQL Server\Client SDK\ODBC\170\Tools\Binn\;C:\Program Files (x86)\Microsoft SQL Server\150\Tools\Binn\;C:\Program Files\Microsoft SQL Server\150\DTS\Binn\;C:\Program Files (x86)\Microsoft SQL Server\150\DTS\Binn\;C:\Program Files\Azure Data Studio\bin;C:\Program Files\Java\jdk-18.0.1;C:\Program Files\dotnet\;C:\Program Files\Java\jdk-16.0.2;C:\Program Files\Java\jdk-11.0.13;C:\Program Files\MySQL\MySQL Shell 8.0\bin\;C:\Users\Admin\AppData\Local\Microsoft\WindowsApps;C:\Users\Admin\AppData\Local\GitHubDesktop\bin;C:\Users\Admin\AppData\Roaming\npm;C:\Program Files\Azure Data Studio\bin;C:\Program Files\JetBrains\IntelliJ IDEA 2021.1.3\bin;
USERNAME=Admin
LANG=en_US.UTF-8
OS=Windows_NT
PROCESSOR_IDENTIFIER=Intel64 Family 6 Model 141 Stepping 1, GenuineIntel



---------------  S Y S T E M  ---------------

OS:
 Windows 10 , 64 bit Build 19041 (10.0.19041.3636)
OS uptime: 0 days 6:03 hours

CPU: total 12 (initial active 12) (6 cores per cpu, 2 threads per core) family 6 model 141 stepping 1 microcode 0x34, cx8, cmov, fxsr, ht, mmx, 3dnowpref, sse, sse2, sse3, ssse3, sse4.1, sse4.2, popcnt, lzcnt, tsc, tscinvbit, avx, avx2, aes, erms, clmul, bmi1, bmi2, adx, avx512f, avx512dq, avx512cd, avx512bw, avx512vl, sha, fma, vzeroupper, avx512_vpopcntdq, avx512_vpclmulqdq, avx512_vaes, avx512_vnni, clflush, clflushopt, clwb, avx512_vbmi2, avx512_vbmi

Memory: 4k page, system-wide physical 7930M (2898M free)
TotalPageFile size 15098M (AvailPageFile size 280M)
current process WorkingSet (physical memory assigned to process): 258M, peak: 521M
current process commit charge ("private bytes"): 524M, peak: 649M

vm_info: OpenJDK 64-Bit Server VM (17.0.2+8) for windows-amd64 JRE (17.0.2+8), built on Jan 20 2022 04:52:34 by "" with MS VC++ 16.7 (VS2019)

END.
