#
# There is insufficient memory for the Java Runtime Environment to continue.
# Native memory allocation (malloc) failed to allocate 193536 bytes for Chunk::new
# Possible reasons:
#   The system is out of physical RAM or swap space
#   The process is running with CompressedOops enabled, and the Java Heap may be blocking the growth of the native heap
# Possible solutions:
#   Reduce memory load on the system
#   Increase physical memory or swap space
#   Check if swap backing store is full
#   Decrease Java heap size (-Xmx/-Xms)
#   Decrease number of Java threads
#   Decrease Java thread stack sizes (-Xss)
#   Set larger code cache with -XX:ReservedCodeCacheSize=
#   JVM is running with Unscaled Compressed Oops mode in which the Java heap is
#     placed in the first 4GB address space. The Java Heap base address is the
#     maximum limit for the native heap growth. Please use -XX:HeapBaseMinAddress
#     to set the Java Heap base and to place the Java Heap above 4GB virtual address.
# This output file may be truncated or incomplete.
#
#  Out of Memory Error (arena.cpp:189), pid=16852, tid=16484
#
# JRE version: OpenJDK Runtime Environment Temurin-17.0.2+8 (17.0.2+8) (build 17.0.2+8)
# Java VM: OpenJDK 64-Bit Server VM Temurin-17.0.2+8 (17.0.2+8, mixed mode, tiered, compressed oops, compressed class ptrs, g1 gc, windows-amd64)
# No core dump will be written. Minidumps are not enabled by default on client versions of Windows
#

---------------  S U M M A R Y ------------

Command Line: -Dcom.sun.management.jmxremote -Dcom.sun.management.jmxremote.port=51888 -Dcom.sun.management.jmxremote.authenticate=false -Dcom.sun.management.jmxremote.ssl=false -Djava.rmi.server.hostname=localhost -Dspring.application.admin.enabled=true -Dspring.jmx.enabled=true -XX:+ShowCodeDetailsInExceptionMessages com.poly.DATN_BookWorms.DatnBookWormsApplication

Host: 11th Gen Intel(R) Core(TM) i5-11400H @ 2.70GHz, 12 cores, 7G,  Windows 10 , 64 bit Build 19041 (10.0.19041.3636)
Time: Tue Dec 12 13:50:21 2023 SE Asia Standard Time elapsed time: 136.798049 seconds (0d 0h 2m 16s)

---------------  T H R E A D  ---------------

Current thread (0x0000018027c288f0):  JavaThread "C2 CompilerThread0" daemon [_thread_in_native, id=16484, stack(0x00000061ec500000,0x00000061ec600000)]


Current CompileTask:
C2: 136799 12906       4       jdk.internal.module.SystemModuleFinders$SystemModuleReader::find (59 bytes)

Stack: [0x00000061ec500000,0x00000061ec600000]
Native frames: (J=compiled Java code, j=interpreted, Vv=VM code, C=native code)
V  [jvm.dll+0x67564a]
V  [jvm.dll+0x82fc04]
V  [jvm.dll+0x8313ae]
V  [jvm.dll+0x831a13]
V  [jvm.dll+0x245235]
V  [jvm.dll+0xabd7b]
V  [jvm.dll+0xac30c]
V  [jvm.dll+0x2ac33f]
V  [jvm.dll+0x57c559]
V  [jvm.dll+0x2202ed]
V  [jvm.dll+0x219ab9]
V  [jvm.dll+0x2173eb]
V  [jvm.dll+0x1a3a8d]
V  [jvm.dll+0x226ef8]
V  [jvm.dll+0x22503c]
V  [jvm.dll+0x7e596b]
V  [jvm.dll+0x7dff2a]
V  [jvm.dll+0x6744d5]
C  [ucrtbase.dll+0x21bb2]
C  [KERNEL32.DLL+0x17344]
C  [ntdll.dll+0x526b1]


---------------  P R O C E S S  ---------------

Threads class SMR info:
_java_thread_list=0x0000018030a25fb0, length=37, elements={
0x0000018027bf6390, 0x0000018027bf7d50, 0x000001802880c5e0, 0x000001802880cf90,
0x000001802880f950, 0x0000018027c27400, 0x0000018027c288f0, 0x0000018027c29390,
0x0000018027c2c540, 0x0000018027b7b600, 0x0000018028a36ac0, 0x00000180293eaeb0,
0x00000180291490b0, 0x00000180291f49f0, 0x000001802adfc3a0, 0x000001802adfcd40,
0x000001802adfd210, 0x000001802adfd6e0, 0x000001802adfdbb0, 0x000001802f41f870,
0x000001802f421a20, 0x000001802f4206e0, 0x000001802f421ef0, 0x000001802f41fd40,
0x000001802f420210, 0x000001802f420bb0, 0x000001802f422d60, 0x000001802f421080,
0x000001802f421550, 0x00000180309788e0, 0x0000018030979280, 0x000001803097f2c0,
0x000001803097c770, 0x000001803097c2a0, 0x000001802af43330, 0x000001802af45bb0,
0x000001803097bdd0
}

Java Threads: ( => current thread )
  0x0000018027bf6390 JavaThread "Reference Handler" daemon [_thread_blocked, id=7024, stack(0x00000061ebf00000,0x00000061ec000000)]
  0x0000018027bf7d50 JavaThread "Finalizer" daemon [_thread_blocked, id=16780, stack(0x00000061ec000000,0x00000061ec100000)]
  0x000001802880c5e0 JavaThread "Signal Dispatcher" daemon [_thread_blocked, id=4676, stack(0x00000061ec100000,0x00000061ec200000)]
  0x000001802880cf90 JavaThread "Attach Listener" daemon [_thread_blocked, id=9808, stack(0x00000061ec200000,0x00000061ec300000)]
  0x000001802880f950 JavaThread "Service Thread" daemon [_thread_blocked, id=14996, stack(0x00000061ec300000,0x00000061ec400000)]
  0x0000018027c27400 JavaThread "Monitor Deflation Thread" daemon [_thread_blocked, id=6264, stack(0x00000061ec400000,0x00000061ec500000)]
=>0x0000018027c288f0 JavaThread "C2 CompilerThread0" daemon [_thread_in_native, id=16484, stack(0x00000061ec500000,0x00000061ec600000)]
  0x0000018027c29390 JavaThread "C1 CompilerThread0" daemon [_thread_blocked, id=16940, stack(0x00000061ec600000,0x00000061ec700000)]
  0x0000018027c2c540 JavaThread "Sweeper thread" daemon [_thread_blocked, id=17296, stack(0x00000061ec700000,0x00000061ec800000)]
  0x0000018027b7b600 JavaThread "Common-Cleaner" daemon [_thread_blocked, id=16840, stack(0x00000061ec800000,0x00000061ec900000)]
  0x0000018028a36ac0 JavaThread "Notification Thread" daemon [_thread_blocked, id=16668, stack(0x00000061ec900000,0x00000061eca00000)]
  0x00000180293eaeb0 JavaThread "RMI TCP Accept-0" daemon [_thread_in_native, id=14872, stack(0x00000061ecb00000,0x00000061ecc00000)]
  0x00000180291490b0 JavaThread "RMI TCP Accept-51888" daemon [_thread_in_native, id=10436, stack(0x00000061ecc00000,0x00000061ecd00000)]
  0x00000180291f49f0 JavaThread "RMI TCP Accept-0" daemon [_thread_in_native, id=15656, stack(0x00000061ecd00000,0x00000061ece00000)]
  0x000001802adfc3a0 JavaThread "Catalina-utility-1" [_thread_blocked, id=11668, stack(0x00000061ede00000,0x00000061edf00000)]
  0x000001802adfcd40 JavaThread "Catalina-utility-2" [_thread_blocked, id=5340, stack(0x00000061edf00000,0x00000061ee000000)]
  0x000001802adfd210 JavaThread "container-0" [_thread_blocked, id=16416, stack(0x00000061ee000000,0x00000061ee100000)]
  0x000001802adfd6e0 JavaThread "mssql-jdbc-shared-timer-core-0" daemon [_thread_blocked, id=7724, stack(0x00000061ee200000,0x00000061ee300000)]
  0x000001802adfdbb0 JavaThread "HikariPool-1 housekeeper" daemon [_thread_blocked, id=3976, stack(0x00000061ee300000,0x00000061ee400000)]
  0x000001802f41f870 JavaThread "File Watcher" daemon [_thread_in_native, id=15152, stack(0x00000061eca00000,0x00000061ecb00000)]
  0x000001802f421a20 JavaThread "Live Reload Server" daemon [_thread_in_native, id=15956, stack(0x00000061ee500000,0x00000061ee600000)]
  0x000001802f4206e0 JavaThread "http-nio-8080-exec-1" daemon [_thread_blocked, id=13488, stack(0x00000061ee600000,0x00000061ee700000)]
  0x000001802f421ef0 JavaThread "http-nio-8080-exec-2" daemon [_thread_blocked, id=6924, stack(0x00000061ee700000,0x00000061ee800000)]
  0x000001802f41fd40 JavaThread "http-nio-8080-exec-3" daemon [_thread_blocked, id=14172, stack(0x00000061ee800000,0x00000061ee900000)]
  0x000001802f420210 JavaThread "http-nio-8080-exec-4" daemon [_thread_blocked, id=6400, stack(0x00000061ee900000,0x00000061eea00000)]
  0x000001802f420bb0 JavaThread "http-nio-8080-exec-5" daemon [_thread_blocked, id=8276, stack(0x00000061eea00000,0x00000061eeb00000)]
  0x000001802f422d60 JavaThread "http-nio-8080-exec-6" daemon [_thread_blocked, id=18068, stack(0x00000061eeb00000,0x00000061eec00000)]
  0x000001802f421080 JavaThread "http-nio-8080-exec-7" daemon [_thread_blocked, id=2808, stack(0x00000061eec00000,0x00000061eed00000)]
  0x000001802f421550 JavaThread "http-nio-8080-exec-8" daemon [_thread_blocked, id=12844, stack(0x00000061eed00000,0x00000061eee00000)]
  0x00000180309788e0 JavaThread "http-nio-8080-exec-9" daemon [_thread_blocked, id=7824, stack(0x00000061eee00000,0x00000061eef00000)]
  0x0000018030979280 JavaThread "http-nio-8080-exec-10" daemon [_thread_blocked, id=9496, stack(0x00000061eef00000,0x00000061ef000000)]
  0x000001803097f2c0 JavaThread "http-nio-8080-Poller" daemon [_thread_in_native, id=6056, stack(0x00000061ef000000,0x00000061ef100000)]
  0x000001803097c770 JavaThread "http-nio-8080-Acceptor" daemon [_thread_in_native, id=15548, stack(0x00000061ef100000,0x00000061ef200000)]
  0x000001803097c2a0 JavaThread "DestroyJavaVM" [_thread_blocked, id=4508, stack(0x00000061eb800000,0x00000061eb900000)]
  0x000001802af43330 JavaThread "C2 CompilerThread1" daemon [_thread_in_native, id=11948, stack(0x00000061eb500000,0x00000061eb600000)]
  0x000001802af45bb0 JavaThread "C2 CompilerThread2" daemon [_thread_in_native, id=7476, stack(0x00000061eb600000,0x00000061eb700000)]
  0x000001803097bdd0 JavaThread "http-nio-8080-exec-11" daemon [_thread_blocked, id=14912, stack(0x00000061eb700000,0x00000061eb800000)]

Other Threads:
  0x0000018027bcf8b0 VMThread "VM Thread" [stack: 0x00000061ebe00000,0x00000061ebf00000] [id=492]
  0x000001800e407900 WatcherThread [stack: 0x00000061ece00000,0x00000061ecf00000] [id=9224]
  0x000001800e44cbf0 GCTaskThread "GC Thread#0" [stack: 0x00000061eb900000,0x00000061eba00000] [id=13132]
  0x000001802a3a7890 GCTaskThread "GC Thread#1" [stack: 0x00000061ecf00000,0x00000061ed000000] [id=6688]
  0x000001802a9c5020 GCTaskThread "GC Thread#2" [stack: 0x00000061ed000000,0x00000061ed100000] [id=7720]
  0x000001802a763880 GCTaskThread "GC Thread#3" [stack: 0x00000061ed100000,0x00000061ed200000] [id=14568]
  0x000001802aaf6b70 GCTaskThread "GC Thread#4" [stack: 0x00000061ed200000,0x00000061ed300000] [id=3412]
  0x000001802aaf6e20 GCTaskThread "GC Thread#5" [stack: 0x00000061ed300000,0x00000061ed400000] [id=5908]
  0x000001802aaf70d0 GCTaskThread "GC Thread#6" [stack: 0x00000061ed400000,0x00000061ed500000] [id=9332]
  0x000001802aacb190 GCTaskThread "GC Thread#7" [stack: 0x00000061ed900000,0x00000061eda00000] [id=5872]
  0x000001802ac95c00 GCTaskThread "GC Thread#8" [stack: 0x00000061eda00000,0x00000061edb00000] [id=12480]
  0x000001802a6ccc50 GCTaskThread "GC Thread#9" [stack: 0x00000061edb00000,0x00000061edc00000] [id=12436]
  0x000001800e45e340 ConcurrentGCThread "G1 Main Marker" [stack: 0x00000061eba00000,0x00000061ebb00000] [id=1032]
  0x000001800e45f4f0 ConcurrentGCThread "G1 Conc#0" [stack: 0x00000061ebb00000,0x00000061ebc00000] [id=5632]
  0x000001802aaf5020 ConcurrentGCThread "G1 Conc#1" [stack: 0x00000061edc00000,0x00000061edd00000] [id=9560]
  0x000001802ae75150 ConcurrentGCThread "G1 Conc#2" [stack: 0x00000061edd00000,0x00000061ede00000] [id=9828]
  0x000001800e4c48f0 ConcurrentGCThread "G1 Refine#0" [stack: 0x00000061ebc00000,0x00000061ebd00000] [id=12460]
  0x000001802a9a7020 ConcurrentGCThread "G1 Refine#1" [stack: 0x00000061ed500000,0x00000061ed600000] [id=9908]
  0x0000018027a52400 ConcurrentGCThread "G1 Service" [stack: 0x00000061ebd00000,0x00000061ebe00000] [id=13564]

Threads with active compile tasks:
C2 CompilerThread0   136816 12906       4       jdk.internal.module.SystemModuleFinders$SystemModuleReader::find (59 bytes)
C2 CompilerThread1   136816 12931       4       org.springframework.util.MimeType::isCompatibleWith (176 bytes)
C2 CompilerThread2   136816 12802       4       sun.util.locale.BaseLocale::getInstance (149 bytes)

VM state: not at safepoint (normal execution)

VM Mutex/Monitor currently owned by a thread: None

Heap address: 0x0000000084000000, size: 1984 MB, Compressed Oops mode: 32-bit

CDS archive(s) not mapped
Compressed class space mapped at: 0x0000000100000000-0x0000000140000000, reserved size: 1073741824
Narrow klass base: 0x0000000000000000, Narrow klass shift: 3, Narrow klass range: 0x140000000

GC Precious Log:
 CPUs: 12 total, 12 available
 Memory: 7930M
 Large Page Support: Disabled
 NUMA Support: Disabled
 Compressed Oops: Enabled (32-bit)
 Heap Region Size: 1M
 Heap Min Capacity: 8M
 Heap Initial Capacity: 124M
 Heap Max Capacity: 1984M
 Pre-touch: Disabled
 Parallel Workers: 10
 Concurrent Workers: 3
 Concurrent Refinement Workers: 10
 Periodic GC: Disabled

Heap:
 garbage-first heap   total 138240K, used 108715K [0x0000000084000000, 0x0000000100000000)
  region size 1024K, 56 young (57344K), 4 survivors (4096K)
 Metaspace       used 98612K, committed 99328K, reserved 1138688K
  class space    used 13164K, committed 13504K, reserved 1048576K

Heap Regions: E=young(eden), S=young(survivor), O=old, HS=humongous(starts), HC=humongous(continues), CS=collection set, F=free, OA=open archive, CA=closed archive, TAMS=top-at-mark-start (previous, next)
|   0|0x0000000084000000, 0x0000000084100000, 0x0000000084100000|100%|HS|  |TAMS 0x0000000084100000, 0x0000000084000000| Complete 
|   1|0x0000000084100000, 0x0000000084200000, 0x0000000084200000|100%| O|  |TAMS 0x0000000084200000, 0x0000000084100000| Untracked 
|   2|0x0000000084200000, 0x0000000084300000, 0x0000000084300000|100%| O|  |TAMS 0x0000000084300000, 0x0000000084200000| Untracked 
|   3|0x0000000084300000, 0x0000000084400000, 0x0000000084400000|100%| O|  |TAMS 0x0000000084400000, 0x0000000084300000| Untracked 
|   4|0x0000000084400000, 0x0000000084500000, 0x0000000084500000|100%| O|  |TAMS 0x0000000084500000, 0x0000000084400000| Untracked 
|   5|0x0000000084500000, 0x0000000084600000, 0x0000000084600000|100%| O|  |TAMS 0x0000000084600000, 0x0000000084500000| Untracked 
|   6|0x0000000084600000, 0x0000000084700000, 0x0000000084700000|100%| O|  |TAMS 0x0000000084700000, 0x0000000084600000| Untracked 
|   7|0x0000000084700000, 0x0000000084800000, 0x0000000084800000|100%| O|  |TAMS 0x0000000084800000, 0x0000000084700000| Untracked 
|   8|0x0000000084800000, 0x0000000084900000, 0x0000000084900000|100%| O|  |TAMS 0x0000000084900000, 0x0000000084800000| Untracked 
|   9|0x0000000084900000, 0x0000000084a00000, 0x0000000084a00000|100%| O|  |TAMS 0x0000000084a00000, 0x0000000084900000| Untracked 
|  10|0x0000000084a00000, 0x0000000084b00000, 0x0000000084b00000|100%| O|  |TAMS 0x0000000084b00000, 0x0000000084a00000| Untracked 
|  11|0x0000000084b00000, 0x0000000084c00000, 0x0000000084c00000|100%| O|  |TAMS 0x0000000084c00000, 0x0000000084b00000| Untracked 
|  12|0x0000000084c00000, 0x0000000084d00000, 0x0000000084d00000|100%| O|  |TAMS 0x0000000084d00000, 0x0000000084c00000| Untracked 
|  13|0x0000000084d00000, 0x0000000084e00000, 0x0000000084e00000|100%| O|  |TAMS 0x0000000084e00000, 0x0000000084d00000| Untracked 
|  14|0x0000000084e00000, 0x0000000084f00000, 0x0000000084f00000|100%| O|  |TAMS 0x0000000084e00000, 0x0000000084e00000| Untracked 
|  15|0x0000000084f00000, 0x0000000085000000, 0x0000000085000000|100%| O|  |TAMS 0x0000000085000000, 0x0000000084f00000| Untracked 
|  16|0x0000000085000000, 0x0000000085100000, 0x0000000085100000|100%| O|  |TAMS 0x0000000085000000, 0x0000000085000000| Untracked 
|  17|0x0000000085100000, 0x0000000085200000, 0x0000000085200000|100%| O|  |TAMS 0x0000000085200000, 0x0000000085100000| Untracked 
|  18|0x0000000085200000, 0x0000000085300000, 0x0000000085300000|100%| O|  |TAMS 0x0000000085300000, 0x0000000085200000| Untracked 
|  19|0x0000000085300000, 0x0000000085400000, 0x0000000085400000|100%| O|  |TAMS 0x0000000085400000, 0x0000000085300000| Untracked 
|  20|0x0000000085400000, 0x0000000085500000, 0x0000000085500000|100%| O|  |TAMS 0x0000000085500000, 0x0000000085400000| Untracked 
|  21|0x0000000085500000, 0x0000000085600000, 0x0000000085600000|100%| O|  |TAMS 0x0000000085600000, 0x0000000085500000| Untracked 
|  22|0x0000000085600000, 0x0000000085700000, 0x0000000085700000|100%| O|  |TAMS 0x0000000085700000, 0x0000000085600000| Untracked 
|  23|0x0000000085700000, 0x0000000085800000, 0x0000000085800000|100%| O|  |TAMS 0x0000000085800000, 0x0000000085700000| Untracked 
|  24|0x0000000085800000, 0x0000000085900000, 0x0000000085900000|100%| O|  |TAMS 0x0000000085900000, 0x0000000085800000| Untracked 
|  25|0x0000000085900000, 0x0000000085a00000, 0x0000000085a00000|100%| O|  |TAMS 0x0000000085a00000, 0x0000000085900000| Untracked 
|  26|0x0000000085a00000, 0x0000000085b00000, 0x0000000085b00000|100%| O|  |TAMS 0x0000000085b00000, 0x0000000085a00000| Untracked 
|  27|0x0000000085b00000, 0x0000000085c00000, 0x0000000085c00000|100%| O|  |TAMS 0x0000000085c00000, 0x0000000085b00000| Untracked 
|  28|0x0000000085c00000, 0x0000000085d00000, 0x0000000085d00000|100%| O|  |TAMS 0x0000000085d00000, 0x0000000085c00000| Untracked 
|  29|0x0000000085d00000, 0x0000000085e00000, 0x0000000085e00000|100%| O|  |TAMS 0x0000000085e00000, 0x0000000085d00000| Untracked 
|  30|0x0000000085e00000, 0x0000000085f00000, 0x0000000085f00000|100%| O|  |TAMS 0x0000000085f00000, 0x0000000085e00000| Untracked 
|  31|0x0000000085f00000, 0x0000000086000000, 0x0000000086000000|100%| O|  |TAMS 0x0000000086000000, 0x0000000085f00000| Untracked 
|  32|0x0000000086000000, 0x0000000086100000, 0x0000000086100000|100%| O|  |TAMS 0x0000000086100000, 0x0000000086000000| Untracked 
|  33|0x0000000086100000, 0x0000000086200000, 0x0000000086200000|100%| O|  |TAMS 0x0000000086200000, 0x0000000086100000| Untracked 
|  34|0x0000000086200000, 0x0000000086300000, 0x0000000086300000|100%| O|  |TAMS 0x0000000086300000, 0x0000000086200000| Untracked 
|  35|0x0000000086300000, 0x0000000086400000, 0x0000000086400000|100%| O|  |TAMS 0x0000000086400000, 0x0000000086300000| Untracked 
|  36|0x0000000086400000, 0x0000000086500000, 0x0000000086500000|100%| O|  |TAMS 0x0000000086500000, 0x0000000086400000| Untracked 
|  37|0x0000000086500000, 0x0000000086600000, 0x0000000086600000|100%| O|  |TAMS 0x0000000086600000, 0x0000000086500000| Untracked 
|  38|0x0000000086600000, 0x0000000086700000, 0x0000000086700000|100%| O|  |TAMS 0x0000000086700000, 0x0000000086600000| Untracked 
|  39|0x0000000086700000, 0x0000000086800000, 0x0000000086800000|100%| O|  |TAMS 0x0000000086800000, 0x0000000086700000| Untracked 
|  40|0x0000000086800000, 0x0000000086900000, 0x0000000086900000|100%| O|  |TAMS 0x00000000868ca600, 0x0000000086800000| Untracked 
|  41|0x0000000086900000, 0x0000000086a00000, 0x0000000086a00000|100%| O|  |TAMS 0x0000000086900000, 0x0000000086900000| Untracked 
|  42|0x0000000086a00000, 0x0000000086b00000, 0x0000000086b00000|100%| O|  |TAMS 0x0000000086a00000, 0x0000000086a00000| Untracked 
|  43|0x0000000086b00000, 0x0000000086c00000, 0x0000000086c00000|100%| O|  |TAMS 0x0000000086b00000, 0x0000000086b00000| Untracked 
|  44|0x0000000086c00000, 0x0000000086d00000, 0x0000000086d00000|100%| O|  |TAMS 0x0000000086c00000, 0x0000000086c00000| Untracked 
|  45|0x0000000086d00000, 0x0000000086e00000, 0x0000000086e00000|100%| O|  |TAMS 0x0000000086d00000, 0x0000000086d00000| Untracked 
|  46|0x0000000086e00000, 0x0000000086f00000, 0x0000000086f00000|100%| O|  |TAMS 0x0000000086e00000, 0x0000000086e00000| Untracked 
|  47|0x0000000086f00000, 0x0000000087000000, 0x0000000087000000|100%| O|  |TAMS 0x0000000086f00000, 0x0000000086f00000| Untracked 
|  48|0x0000000087000000, 0x0000000087100000, 0x0000000087100000|100%| O|  |TAMS 0x0000000087000000, 0x0000000087000000| Untracked 
|  49|0x0000000087100000, 0x0000000087200000, 0x0000000087200000|100%| O|  |TAMS 0x0000000087100000, 0x0000000087100000| Untracked 
|  50|0x0000000087200000, 0x0000000087300000, 0x0000000087300000|100%| O|  |TAMS 0x0000000087200000, 0x0000000087200000| Untracked 
|  51|0x0000000087300000, 0x00000000873ac000, 0x0000000087400000| 67%| O|  |TAMS 0x0000000087300000, 0x0000000087300000| Untracked 
|  52|0x0000000087400000, 0x0000000087400000, 0x0000000087500000|  0%| F|  |TAMS 0x0000000087400000, 0x0000000087400000| Untracked 
|  53|0x0000000087500000, 0x0000000087500000, 0x0000000087600000|  0%| F|  |TAMS 0x0000000087500000, 0x0000000087500000| Untracked 
|  54|0x0000000087600000, 0x0000000087600000, 0x0000000087700000|  0%| F|  |TAMS 0x0000000087600000, 0x0000000087600000| Untracked 
|  55|0x0000000087700000, 0x0000000087700000, 0x0000000087800000|  0%| F|  |TAMS 0x0000000087700000, 0x0000000087700000| Untracked 
|  56|0x0000000087800000, 0x0000000087800000, 0x0000000087900000|  0%| F|  |TAMS 0x0000000087800000, 0x0000000087800000| Untracked 
|  57|0x0000000087900000, 0x0000000087900000, 0x0000000087a00000|  0%| F|  |TAMS 0x0000000087900000, 0x0000000087900000| Untracked 
|  58|0x0000000087a00000, 0x0000000087a00000, 0x0000000087b00000|  0%| F|  |TAMS 0x0000000087a00000, 0x0000000087a00000| Untracked 
|  59|0x0000000087b00000, 0x0000000087b00000, 0x0000000087c00000|  0%| F|  |TAMS 0x0000000087b00000, 0x0000000087b00000| Untracked 
|  60|0x0000000087c00000, 0x0000000087c00000, 0x0000000087d00000|  0%| F|  |TAMS 0x0000000087c00000, 0x0000000087c00000| Untracked 
|  61|0x0000000087d00000, 0x0000000087d00000, 0x0000000087e00000|  0%| F|  |TAMS 0x0000000087d00000, 0x0000000087d00000| Untracked 
|  62|0x0000000087e00000, 0x0000000087e00000, 0x0000000087f00000|  0%| F|  |TAMS 0x0000000087e00000, 0x0000000087e00000| Untracked 
|  63|0x0000000087f00000, 0x0000000087f00000, 0x0000000088000000|  0%| F|  |TAMS 0x0000000087f00000, 0x0000000087f00000| Untracked 
|  64|0x0000000088000000, 0x0000000088000000, 0x0000000088100000|  0%| F|  |TAMS 0x0000000088000000, 0x0000000088000000| Untracked 
|  65|0x0000000088100000, 0x0000000088100000, 0x0000000088200000|  0%| F|  |TAMS 0x0000000088100000, 0x0000000088100000| Untracked 
|  66|0x0000000088200000, 0x0000000088200000, 0x0000000088300000|  0%| F|  |TAMS 0x0000000088200000, 0x0000000088200000| Untracked 
|  67|0x0000000088300000, 0x0000000088300000, 0x0000000088400000|  0%| F|  |TAMS 0x0000000088300000, 0x0000000088300000| Untracked 
|  68|0x0000000088400000, 0x0000000088400000, 0x0000000088500000|  0%| F|  |TAMS 0x0000000088400000, 0x0000000088400000| Untracked 
|  69|0x0000000088500000, 0x0000000088500000, 0x0000000088600000|  0%| F|  |TAMS 0x0000000088500000, 0x0000000088500000| Untracked 
|  70|0x0000000088600000, 0x000000008867ecd0, 0x0000000088700000| 49%| S|CS|TAMS 0x0000000088600000, 0x0000000088600000| Complete 
|  71|0x0000000088700000, 0x0000000088800000, 0x0000000088800000|100%| S|CS|TAMS 0x0000000088700000, 0x0000000088700000| Complete 
|  72|0x0000000088800000, 0x0000000088900000, 0x0000000088900000|100%| S|CS|TAMS 0x0000000088800000, 0x0000000088800000| Complete 
|  73|0x0000000088900000, 0x0000000088900000, 0x0000000088a00000|  0%| F|  |TAMS 0x0000000088900000, 0x0000000088900000| Untracked 
|  74|0x0000000088a00000, 0x0000000088a00000, 0x0000000088b00000|  0%| F|  |TAMS 0x0000000088a00000, 0x0000000088a00000| Untracked 
|  75|0x0000000088b00000, 0x0000000088b00000, 0x0000000088c00000|  0%| F|  |TAMS 0x0000000088b00000, 0x0000000088b00000| Untracked 
|  76|0x0000000088c00000, 0x0000000088c00000, 0x0000000088d00000|  0%| F|  |TAMS 0x0000000088c00000, 0x0000000088c00000| Untracked 
|  77|0x0000000088d00000, 0x0000000088e00000, 0x0000000088e00000|100%| S|CS|TAMS 0x0000000088d00000, 0x0000000088d00000| Complete 
|  78|0x0000000088e00000, 0x0000000088e00000, 0x0000000088f00000|  0%| F|  |TAMS 0x0000000088e00000, 0x0000000088e00000| Untracked 
|  79|0x0000000088f00000, 0x0000000088f00000, 0x0000000089000000|  0%| F|  |TAMS 0x0000000088f00000, 0x0000000088f00000| Untracked 
|  80|0x0000000089000000, 0x0000000089000000, 0x0000000089100000|  0%| F|  |TAMS 0x0000000089000000, 0x0000000089000000| Untracked 
|  81|0x0000000089100000, 0x0000000089100000, 0x0000000089200000|  0%| F|  |TAMS 0x0000000089100000, 0x0000000089100000| Untracked 
|  82|0x0000000089200000, 0x0000000089200000, 0x0000000089300000|  0%| F|  |TAMS 0x0000000089200000, 0x0000000089200000| Untracked 
|  83|0x0000000089300000, 0x0000000089349e10, 0x0000000089400000| 28%| E|  |TAMS 0x0000000089300000, 0x0000000089300000| Complete 
|  84|0x0000000089400000, 0x0000000089500000, 0x0000000089500000|100%| E|CS|TAMS 0x0000000089400000, 0x0000000089400000| Complete 
|  85|0x0000000089500000, 0x0000000089600000, 0x0000000089600000|100%| E|CS|TAMS 0x0000000089500000, 0x0000000089500000| Complete 
|  86|0x0000000089600000, 0x0000000089700000, 0x0000000089700000|100%| E|CS|TAMS 0x0000000089600000, 0x0000000089600000| Complete 
|  87|0x0000000089700000, 0x0000000089800000, 0x0000000089800000|100%| E|CS|TAMS 0x0000000089700000, 0x0000000089700000| Complete 
|  88|0x0000000089800000, 0x0000000089900000, 0x0000000089900000|100%| E|CS|TAMS 0x0000000089800000, 0x0000000089800000| Complete 
|  89|0x0000000089900000, 0x0000000089a00000, 0x0000000089a00000|100%| E|CS|TAMS 0x0000000089900000, 0x0000000089900000| Complete 
|  90|0x0000000089a00000, 0x0000000089b00000, 0x0000000089b00000|100%| E|CS|TAMS 0x0000000089a00000, 0x0000000089a00000| Complete 
|  91|0x0000000089b00000, 0x0000000089c00000, 0x0000000089c00000|100%| E|CS|TAMS 0x0000000089b00000, 0x0000000089b00000| Complete 
|  92|0x0000000089c00000, 0x0000000089d00000, 0x0000000089d00000|100%| E|CS|TAMS 0x0000000089c00000, 0x0000000089c00000| Complete 
|  93|0x0000000089d00000, 0x0000000089e00000, 0x0000000089e00000|100%| E|CS|TAMS 0x0000000089d00000, 0x0000000089d00000| Complete 
|  94|0x0000000089e00000, 0x0000000089f00000, 0x0000000089f00000|100%| E|CS|TAMS 0x0000000089e00000, 0x0000000089e00000| Complete 
|  95|0x0000000089f00000, 0x000000008a000000, 0x000000008a000000|100%| E|CS|TAMS 0x0000000089f00000, 0x0000000089f00000| Complete 
|  96|0x000000008a000000, 0x000000008a100000, 0x000000008a100000|100%| E|CS|TAMS 0x000000008a000000, 0x000000008a000000| Complete 
|  97|0x000000008a100000, 0x000000008a200000, 0x000000008a200000|100%| E|CS|TAMS 0x000000008a100000, 0x000000008a100000| Complete 
|  98|0x000000008a200000, 0x000000008a300000, 0x000000008a300000|100%| E|CS|TAMS 0x000000008a200000, 0x000000008a200000| Complete 
|  99|0x000000008a300000, 0x000000008a400000, 0x000000008a400000|100%| E|CS|TAMS 0x000000008a300000, 0x000000008a300000| Complete 
| 100|0x000000008a400000, 0x000000008a500000, 0x000000008a500000|100%| E|CS|TAMS 0x000000008a400000, 0x000000008a400000| Complete 
| 101|0x000000008a500000, 0x000000008a600000, 0x000000008a600000|100%| E|CS|TAMS 0x000000008a500000, 0x000000008a500000| Complete 
| 102|0x000000008a600000, 0x000000008a700000, 0x000000008a700000|100%| E|CS|TAMS 0x000000008a600000, 0x000000008a600000| Complete 
| 103|0x000000008a700000, 0x000000008a800000, 0x000000008a800000|100%| E|CS|TAMS 0x000000008a700000, 0x000000008a700000| Complete 
| 104|0x000000008a800000, 0x000000008a900000, 0x000000008a900000|100%| E|CS|TAMS 0x000000008a800000, 0x000000008a800000| Complete 
| 105|0x000000008a900000, 0x000000008aa00000, 0x000000008aa00000|100%| E|CS|TAMS 0x000000008a900000, 0x000000008a900000| Complete 
| 106|0x000000008aa00000, 0x000000008ab00000, 0x000000008ab00000|100%| E|CS|TAMS 0x000000008aa00000, 0x000000008aa00000| Complete 
| 107|0x000000008ab00000, 0x000000008ac00000, 0x000000008ac00000|100%| E|CS|TAMS 0x000000008ab00000, 0x000000008ab00000| Complete 
| 108|0x000000008ac00000, 0x000000008ad00000, 0x000000008ad00000|100%| E|CS|TAMS 0x000000008ac00000, 0x000000008ac00000| Complete 
| 109|0x000000008ad00000, 0x000000008ae00000, 0x000000008ae00000|100%| E|CS|TAMS 0x000000008ad00000, 0x000000008ad00000| Complete 
| 110|0x000000008ae00000, 0x000000008af00000, 0x000000008af00000|100%| E|CS|TAMS 0x000000008ae00000, 0x000000008ae00000| Complete 
| 111|0x000000008af00000, 0x000000008b000000, 0x000000008b000000|100%| E|CS|TAMS 0x000000008af00000, 0x000000008af00000| Complete 
| 112|0x000000008b000000, 0x000000008b100000, 0x000000008b100000|100%| E|CS|TAMS 0x000000008b000000, 0x000000008b000000| Complete 
| 113|0x000000008b100000, 0x000000008b200000, 0x000000008b200000|100%| E|CS|TAMS 0x000000008b100000, 0x000000008b100000| Complete 
| 114|0x000000008b200000, 0x000000008b300000, 0x000000008b300000|100%| E|CS|TAMS 0x000000008b200000, 0x000000008b200000| Complete 
| 115|0x000000008b300000, 0x000000008b400000, 0x000000008b400000|100%| E|CS|TAMS 0x000000008b300000, 0x000000008b300000| Complete 
| 116|0x000000008b400000, 0x000000008b500000, 0x000000008b500000|100%| E|CS|TAMS 0x000000008b400000, 0x000000008b400000| Complete 
| 117|0x000000008b500000, 0x000000008b600000, 0x000000008b600000|100%| E|CS|TAMS 0x000000008b500000, 0x000000008b500000| Complete 
| 118|0x000000008b600000, 0x000000008b700000, 0x000000008b700000|100%| E|CS|TAMS 0x000000008b600000, 0x000000008b600000| Complete 
| 119|0x000000008b700000, 0x000000008b800000, 0x000000008b800000|100%| E|CS|TAMS 0x000000008b700000, 0x000000008b700000| Complete 
| 120|0x000000008b800000, 0x000000008b900000, 0x000000008b900000|100%| E|CS|TAMS 0x000000008b800000, 0x000000008b800000| Complete 
| 121|0x000000008b900000, 0x000000008ba00000, 0x000000008ba00000|100%| E|CS|TAMS 0x000000008b900000, 0x000000008b900000| Complete 
| 122|0x000000008ba00000, 0x000000008bb00000, 0x000000008bb00000|100%| E|CS|TAMS 0x000000008ba00000, 0x000000008ba00000| Complete 
| 123|0x000000008bb00000, 0x000000008bc00000, 0x000000008bc00000|100%| E|CS|TAMS 0x000000008bb00000, 0x000000008bb00000| Complete 
| 124|0x000000008bc00000, 0x000000008bd00000, 0x000000008bd00000|100%| E|CS|TAMS 0x000000008bc00000, 0x000000008bc00000| Complete 
| 125|0x000000008bd00000, 0x000000008be00000, 0x000000008be00000|100%| E|CS|TAMS 0x000000008bd00000, 0x000000008bd00000| Complete 
| 126|0x000000008be00000, 0x000000008bf00000, 0x000000008bf00000|100%| E|CS|TAMS 0x000000008be00000, 0x000000008be00000| Complete 
| 127|0x000000008bf00000, 0x000000008c000000, 0x000000008c000000|100%| E|CS|TAMS 0x000000008bf00000, 0x000000008bf00000| Complete 
| 128|0x000000008c000000, 0x000000008c100000, 0x000000008c100000|100%| E|CS|TAMS 0x000000008c000000, 0x000000008c000000| Complete 
| 129|0x000000008c100000, 0x000000008c200000, 0x000000008c200000|100%| E|CS|TAMS 0x000000008c100000, 0x000000008c100000| Complete 
| 130|0x000000008c200000, 0x000000008c300000, 0x000000008c300000|100%| E|CS|TAMS 0x000000008c200000, 0x000000008c200000| Complete 
| 131|0x000000008c300000, 0x000000008c400000, 0x000000008c400000|100%| E|CS|TAMS 0x000000008c300000, 0x000000008c300000| Complete 
| 132|0x000000008c400000, 0x000000008c500000, 0x000000008c500000|100%| E|CS|TAMS 0x000000008c400000, 0x000000008c400000| Complete 
| 133|0x000000008c500000, 0x000000008c600000, 0x000000008c600000|100%| E|CS|TAMS 0x000000008c500000, 0x000000008c500000| Complete 
| 134|0x000000008c600000, 0x000000008c700000, 0x000000008c700000|100%| E|CS|TAMS 0x000000008c600000, 0x000000008c600000| Complete 

Card table byte_map: [0x00000180209b0000,0x0000018020d90000] _byte_map_base: 0x0000018020590000

Marking Bits (Prev, Next): (CMBitMap*) 0x000001800e44e210, (CMBitMap*) 0x000001800e44e250
 Prev Bits: [0x0000018021170000, 0x0000018023070000)
 Next Bits: [0x0000018023070000, 0x0000018024f70000)

Polling page: 0x000001800c160000

Metaspace:

Usage:
  Non-class:     83.45 MB used.
      Class:     12.86 MB used.
       Both:     96.30 MB used.

Virtual space:
  Non-class space:       88.00 MB reserved,      83.81 MB ( 95%) committed,  11 nodes.
      Class space:        1.00 GB reserved,      13.19 MB (  1%) committed,  1 nodes.
             Both:        1.09 GB reserved,      97.00 MB (  9%) committed. 

Chunk freelists:
   Non-Class:  3.84 MB
       Class:  2.63 MB
        Both:  6.48 MB

MaxMetaspaceSize: unlimited
CompressedClassSpaceSize: 1.00 GB
Initial GC threshold: 21.00 MB
Current GC threshold: 131.56 MB
CDS: off
MetaspaceReclaimPolicy: balanced
 - commit_granule_bytes: 65536.
 - commit_granule_words: 8192.
 - virtual_space_node_default_size: 1048576.
 - enlarge_chunks_in_place: 1.
 - new_chunks_are_fully_committed: 0.
 - uncommit_free_chunks: 1.
 - use_allocation_guard: 0.
 - handle_deallocations: 1.


Internal statistics:

num_allocs_failed_limit: 8.
num_arena_births: 1052.
num_arena_deaths: 0.
num_vsnodes_births: 12.
num_vsnodes_deaths: 0.
num_space_committed: 1552.
num_space_uncommitted: 0.
num_chunks_returned_to_freelist: 8.
num_chunks_taken_from_freelist: 4349.
num_chunk_merges: 8.
num_chunk_splits: 3095.
num_chunks_enlarged: 2362.
num_purges: 0.
num_inconsistent_stats: 0.

CodeHeap 'non-profiled nmethods': size=120000Kb used=6847Kb max_used=7182Kb free=113152Kb
 bounds [0x0000018018b50000, 0x0000018019260000, 0x0000018020080000]
CodeHeap 'profiled nmethods': size=120000Kb used=20667Kb max_used=20667Kb free=99333Kb
 bounds [0x0000018011620000, 0x0000018012a60000, 0x0000018018b50000]
CodeHeap 'non-nmethods': size=5760Kb used=1423Kb max_used=1505Kb free=4336Kb
 bounds [0x0000018011080000, 0x00000180112f0000, 0x0000018011620000]
 total_blobs=11812 nmethods=11060 adapters=663
 compilation: enabled
              stopped_count=0, restarted_count=0
 full_count=0

Compilation events (20 events):
Event: 134.049 Thread 0x000001802af43330 12931       4       org.springframework.util.MimeType::isCompatibleWith (176 bytes)
Event: 134.049 Thread 0x0000018027c29390 nmethod 12932 0x0000018012985810 code [0x0000018012985a40, 0x00000180129862b8]
Event: 134.049 Thread 0x0000018027c29390 12928       3       org.apache.tomcat.util.buf.MessageBytes::isNull (13 bytes)
Event: 134.050 Thread 0x0000018027c29390 nmethod 12928 0x0000018012986610 code [0x00000180129867a0, 0x0000018012986918]
Event: 134.050 Thread 0x0000018027c29390 12933       3       org.apache.catalina.connector.RequestFacade::getHeaders (35 bytes)
Event: 134.050 Thread 0x0000018027c29390 nmethod 12933 0x0000018012986990 code [0x0000018012986b80, 0x0000018012987008]
Event: 134.050 Thread 0x0000018027c29390 12934       3       org.springframework.util.MimeType::equals (59 bytes)
Event: 134.050 Thread 0x0000018027c29390 nmethod 12934 0x0000018012987210 code [0x00000180129873e0, 0x00000180129878e8]
Event: 134.050 Thread 0x0000018027c29390 12935   !   3       org.springframework.util.function.SingletonSupplier::get (77 bytes)
Event: 134.051 Thread 0x0000018027c29390 nmethod 12935 0x0000018012987a90 code [0x0000018012987c60, 0x0000018012988178]
Event: 134.055 Thread 0x0000018027c29390 12937       3       org.springframework.web.servlet.HandlerInterceptor::postHandle (1 bytes)
Event: 134.055 Thread 0x0000018027c29390 nmethod 12937 0x0000018012988310 code [0x00000180129884a0, 0x00000180129885b8]
Event: 134.055 Thread 0x0000018027c29390 12938       3       java.lang.StringBuilder::append (8 bytes)
Event: 134.055 Thread 0x0000018027c29390 nmethod 12938 0x0000018012988690 code [0x0000018012988820, 0x0000018012988968]
Event: 134.055 Thread 0x0000018027c29390 12939       3       org.springframework.web.servlet.HandlerInterceptor::afterCompletion (1 bytes)
Event: 134.055 Thread 0x0000018027c29390 nmethod 12939 0x0000018012988a10 code [0x0000018012988ba0, 0x0000018012988cb8]
Event: 134.055 Thread 0x0000018027c29390 12940       3       org.apache.tomcat.util.buf.MessageBytes::setChars (26 bytes)
Event: 134.055 Thread 0x0000018027c29390 nmethod 12940 0x0000018012988d90 code [0x0000018012988f20, 0x0000018012989118]
Event: 134.056 Thread 0x0000018027c29390 12941       1       org.apache.catalina.core.ApplicationHttpRequest::getDispatcherType (5 bytes)
Event: 134.056 Thread 0x0000018027c29390 nmethod 12941 0x00000180190cdd90 code [0x00000180190cdf20, 0x00000180190cdff8]

GC Heap History (20 events):
Event: 8.132 GC heap before
{Heap before GC invocations=36 (full 0):
 garbage-first heap   total 73728K, used 59769K [0x0000000084000000, 0x0000000100000000)
  region size 1024K, 21 young (21504K), 2 survivors (2048K)
 Metaspace       used 79904K, committed 80512K, reserved 1122304K
  class space    used 10846K, committed 11136K, reserved 1048576K
}
Event: 8.134 GC heap after
{Heap after GC invocations=37 (full 0):
 garbage-first heap   total 73728K, used 41220K [0x0000000084000000, 0x0000000100000000)
  region size 1024K, 1 young (1024K), 1 survivors (1024K)
 Metaspace       used 79904K, committed 80512K, reserved 1122304K
  class space    used 10846K, committed 11136K, reserved 1048576K
}
Event: 8.138 GC heap before
{Heap before GC invocations=37 (full 0):
 garbage-first heap   total 73728K, used 43268K [0x0000000084000000, 0x0000000100000000)
  region size 1024K, 3 young (3072K), 1 survivors (1024K)
 Metaspace       used 79905K, committed 80512K, reserved 1122304K
  class space    used 10846K, committed 11136K, reserved 1048576K
}
Event: 8.139 GC heap after
{Heap after GC invocations=38 (full 0):
 garbage-first heap   total 73728K, used 40789K [0x0000000084000000, 0x0000000100000000)
  region size 1024K, 1 young (1024K), 1 survivors (1024K)
 Metaspace       used 79905K, committed 80512K, reserved 1122304K
  class space    used 10846K, committed 11136K, reserved 1048576K
}
Event: 8.217 GC heap before
{Heap before GC invocations=38 (full 0):
 garbage-first heap   total 73728K, used 59221K [0x0000000084000000, 0x0000000100000000)
  region size 1024K, 19 young (19456K), 1 survivors (1024K)
 Metaspace       used 80175K, committed 80768K, reserved 1122304K
  class space    used 10940K, committed 11200K, reserved 1048576K
}
Event: 8.219 GC heap after
{Heap after GC invocations=39 (full 0):
 garbage-first heap   total 138240K, used 41517K [0x0000000084000000, 0x0000000100000000)
  region size 1024K, 1 young (1024K), 1 survivors (1024K)
 Metaspace       used 80175K, committed 80768K, reserved 1122304K
  class space    used 10940K, committed 11200K, reserved 1048576K
}
Event: 8.571 GC heap before
{Heap before GC invocations=40 (full 0):
 garbage-first heap   total 138240K, used 115245K [0x0000000084000000, 0x0000000100000000)
  region size 1024K, 73 young (74752K), 1 survivors (1024K)
 Metaspace       used 80762K, committed 81344K, reserved 1122304K
  class space    used 11013K, committed 11264K, reserved 1048576K
}
Event: 8.575 GC heap after
{Heap after GC invocations=41 (full 0):
 garbage-first heap   total 138240K, used 43651K [0x0000000084000000, 0x0000000100000000)
  region size 1024K, 3 young (3072K), 3 survivors (3072K)
 Metaspace       used 80762K, committed 81344K, reserved 1122304K
  class space    used 11013K, committed 11264K, reserved 1048576K
}
Event: 8.596 GC heap before
{Heap before GC invocations=41 (full 0):
 garbage-first heap   total 138240K, used 46723K [0x0000000084000000, 0x0000000100000000)
  region size 1024K, 6 young (6144K), 3 survivors (3072K)
 Metaspace       used 80809K, committed 81344K, reserved 1122304K
  class space    used 11017K, committed 11264K, reserved 1048576K
}
Event: 8.599 GC heap after
{Heap after GC invocations=42 (full 0):
 garbage-first heap   total 138240K, used 43353K [0x0000000084000000, 0x0000000100000000)
  region size 1024K, 1 young (1024K), 1 survivors (1024K)
 Metaspace       used 80809K, committed 81344K, reserved 1122304K
  class space    used 11017K, committed 11264K, reserved 1048576K
}
Event: 8.884 GC heap before
{Heap before GC invocations=42 (full 0):
 garbage-first heap   total 138240K, used 112985K [0x0000000084000000, 0x0000000100000000)
  region size 1024K, 69 young (70656K), 1 survivors (1024K)
 Metaspace       used 81503K, committed 82112K, reserved 1122304K
  class space    used 11062K, committed 11328K, reserved 1048576K
}
Event: 8.886 GC heap after
{Heap after GC invocations=43 (full 0):
 garbage-first heap   total 138240K, used 44843K [0x0000000084000000, 0x0000000100000000)
  region size 1024K, 2 young (2048K), 2 survivors (2048K)
 Metaspace       used 81503K, committed 82112K, reserved 1122304K
  class space    used 11062K, committed 11328K, reserved 1048576K
}
Event: 9.883 GC heap before
{Heap before GC invocations=43 (full 0):
 garbage-first heap   total 138240K, used 114475K [0x0000000084000000, 0x0000000100000000)
  region size 1024K, 70 young (71680K), 2 survivors (2048K)
 Metaspace       used 87686K, committed 88320K, reserved 1130496K
  class space    used 11988K, committed 12288K, reserved 1048576K
}
Event: 9.889 GC heap after
{Heap after GC invocations=44 (full 0):
 garbage-first heap   total 138240K, used 50107K [0x0000000084000000, 0x0000000100000000)
  region size 1024K, 7 young (7168K), 7 survivors (7168K)
 Metaspace       used 87686K, committed 88320K, reserved 1130496K
  class space    used 11988K, committed 12288K, reserved 1048576K
}
Event: 122.985 GC heap before
{Heap before GC invocations=44 (full 0):
 garbage-first heap   total 138240K, used 113595K [0x0000000084000000, 0x0000000100000000)
  region size 1024K, 69 young (70656K), 7 survivors (7168K)
 Metaspace       used 92006K, committed 92672K, reserved 1130496K
  class space    used 12554K, committed 12864K, reserved 1048576K
}
Event: 122.994 GC heap after
{Heap after GC invocations=45 (full 0):
 garbage-first heap   total 138240K, used 53407K [0x0000000084000000, 0x0000000100000000)
  region size 1024K, 4 young (4096K), 4 survivors (4096K)
 Metaspace       used 92006K, committed 92672K, reserved 1130496K
  class space    used 12554K, committed 12864K, reserved 1048576K
}
Event: 130.404 GC heap before
{Heap before GC invocations=45 (full 0):
 garbage-first heap   total 138240K, used 111775K [0x0000000084000000, 0x0000000100000000)
  region size 1024K, 62 young (63488K), 4 survivors (4096K)
 Metaspace       used 96702K, committed 97344K, reserved 1138688K
  class space    used 13050K, committed 13376K, reserved 1048576K
}
Event: 130.411 GC heap after
{Heap after GC invocations=46 (full 0):
 garbage-first heap   total 138240K, used 55380K [0x0000000084000000, 0x0000000100000000)
  region size 1024K, 6 young (6144K), 6 survivors (6144K)
 Metaspace       used 96702K, committed 97344K, reserved 1138688K
  class space    used 13050K, committed 13376K, reserved 1048576K
}
Event: 131.198 GC heap before
{Heap before GC invocations=46 (full 0):
 garbage-first heap   total 138240K, used 113748K [0x0000000084000000, 0x0000000100000000)
  region size 1024K, 63 young (64512K), 6 survivors (6144K)
 Metaspace       used 97872K, committed 98560K, reserved 1138688K
  class space    used 13138K, committed 13504K, reserved 1048576K
}
Event: 131.204 GC heap after
{Heap after GC invocations=47 (full 0):
 garbage-first heap   total 138240K, used 56491K [0x0000000084000000, 0x0000000100000000)
  region size 1024K, 4 young (4096K), 4 survivors (4096K)
 Metaspace       used 97872K, committed 98560K, reserved 1138688K
  class space    used 13138K, committed 13504K, reserved 1048576K
}

Deoptimization events (20 events):
Event: 133.913 Thread 0x000001802f422d60 Uncommon trap: trap_request=0xffffffbe fr.pc=0x0000018018bbad18 relative=0x0000000000001cb8
Event: 133.913 Thread 0x000001802f422d60 Uncommon trap: reason=profile_predicate action=maybe_recompile pc=0x0000018018bbad18 method=jdk.internal.jimage.ImageStringsReader.stringFromByteBufferMatches(Ljava/nio/ByteBuffer;ILjava/lang/String;I)I @ 19 c2
Event: 133.913 Thread 0x000001802f422d60 DEOPT PACKING pc=0x0000018018bbad18 sp=0x00000061eebf8530
Event: 133.913 Thread 0x000001802f422d60 DEOPT UNPACKING pc=0x00000180110d5c23 sp=0x00000061eebf8288 mode 2
Event: 133.913 Thread 0x000001802f422d60 Uncommon trap: trap_request=0xffffffbe fr.pc=0x0000018018bbad18 relative=0x0000000000001cb8
Event: 133.913 Thread 0x000001802f422d60 Uncommon trap: reason=profile_predicate action=maybe_recompile pc=0x0000018018bbad18 method=jdk.internal.jimage.ImageStringsReader.stringFromByteBufferMatches(Ljava/nio/ByteBuffer;ILjava/lang/String;I)I @ 19 c2
Event: 133.913 Thread 0x000001802f422d60 DEOPT PACKING pc=0x0000018018bbad18 sp=0x00000061eebf8530
Event: 133.913 Thread 0x000001802f422d60 DEOPT UNPACKING pc=0x00000180110d5c23 sp=0x00000061eebf8288 mode 2
Event: 133.913 Thread 0x000001802f422d60 Uncommon trap: trap_request=0xffffff45 fr.pc=0x0000018018c8ab14 relative=0x0000000000000514
Event: 133.913 Thread 0x000001802f422d60 Uncommon trap: reason=unstable_if action=reinterpret pc=0x0000018018c8ab14 method=java.util.Properties.load0(Ljava/util/Properties$LineReader;)V @ 79 c2
Event: 133.913 Thread 0x000001802f422d60 DEOPT PACKING pc=0x0000018018c8ab14 sp=0x00000061eebf8b60
Event: 133.913 Thread 0x000001802f422d60 DEOPT UNPACKING pc=0x00000180110d5c23 sp=0x00000061eebf8b08 mode 2
Event: 133.914 Thread 0x000001802f422d60 Uncommon trap: trap_request=0xffffff45 fr.pc=0x0000018018b9aa84 relative=0x0000000000000544
Event: 133.914 Thread 0x000001802f422d60 Uncommon trap: reason=unstable_if action=reinterpret pc=0x0000018018b9aa84 method=java.lang.AbstractStringBuilder.putStringAt(ILjava/lang/String;II)V @ 8 c2
Event: 133.915 Thread 0x000001802f422d60 DEOPT PACKING pc=0x0000018018b9aa84 sp=0x00000061eebf96c0
Event: 133.915 Thread 0x000001802f422d60 DEOPT UNPACKING pc=0x00000180110d5c23 sp=0x00000061eebf95a0 mode 2
Event: 133.929 Thread 0x000001802f422d60 Uncommon trap: trap_request=0xffffff6e fr.pc=0x0000018019153248 relative=0x00000000000001c8
Event: 133.929 Thread 0x000001802f422d60 Uncommon trap: reason=loop_limit_check action=maybe_recompile pc=0x0000018019153248 method=org.thymeleaf.standard.inline.OutputExpressionInlinePreProcessorHandler.mightNeedInlining([CII)Z @ 9 c2
Event: 133.929 Thread 0x000001802f422d60 DEOPT PACKING pc=0x0000018019153248 sp=0x00000061eebf94d0
Event: 133.929 Thread 0x000001802f422d60 DEOPT UNPACKING pc=0x00000180110d5c23 sp=0x00000061eebf9440 mode 2

Classes unloaded (0 events):
No events

Classes redefined (0 events):
No events

Internal exceptions (20 events):
Event: 8.240 Thread 0x000001802a3a0920 Exception <a 'java/lang/reflect/InvocationTargetException'{0x000000008c4d0ef0}> (0x000000008c4d0ef0) 
thrown [e:\jenkins\tmp\workspace\build\src\src\hotspot\share\runtime\reflection.cpp, line 1121]
Event: 8.243 Thread 0x000001802a3a0920 Exception <a 'java/lang/reflect/InvocationTargetException'{0x000000008c4ec7f8}> (0x000000008c4ec7f8) 
thrown [e:\jenkins\tmp\workspace\build\src\src\hotspot\share\runtime\reflection.cpp, line 1121]
Event: 8.575 Thread 0x000001802a3a0920 Implicit null exception at 0x0000018018d70a78 to 0x0000018018d70d08
Event: 9.084 Thread 0x000001802a3a0920 Implicit null exception at 0x0000018018c5ecbd to 0x0000018018c5ed6a
Event: 9.274 Thread 0x000001802a3a0920 Exception <a 'sun/nio/fs/WindowsException'{0x000000008a7a5768}> (0x000000008a7a5768) 
thrown [e:\jenkins\tmp\workspace\build\src\src\hotspot\share\prims\jni.cpp, line 516]
Event: 9.326 Thread 0x000001802a3a0920 Exception <a 'java/lang/IncompatibleClassChangeError'{0x000000008a3eda00}: Found class java.lang.Object, but interface was expected> (0x000000008a3eda00) 
thrown [e:\jenkins\tmp\workspace\build\src\src\hotspot\share\interpreter\linkResolver.cpp, line 833]
Event: 9.363 Thread 0x000001802a3a0920 Exception <a 'java/lang/NoSuchMethodError'{0x000000008a1dc9d8}: 'java.lang.Object java.lang.invoke.DirectMethodHandle$Holder.newInvokeSpecial(java.lang.Object, java.lang.Object, java.lang.Object, java.lang.Object, java.lang.Object, java.lang.Object, java.lang.Object, java.lang.Object, java.lang.Object)'> (0x000000008a1dc9d8) 
thrown [e:\jenkins\tmp\workspace\build\src\src\hotspot\share\interpreter\linkResolver.cpp, line 766]
Event: 9.363 Thread 0x000001802a3a0920 Exception <a 'java/lang/NoSuchMethodError'{0x000000008a1e1c20}: 'java.lang.Object java.lang.invoke.Invokers$Holder.linkToTargetMethod(java.lang.Object, java.lang.Object, java.lang.Object, java.lang.Object, java.lang.Object, java.lang.Object, java.lang.Object, java.lang.Object, java.lang.Object)'> (0x000000008a1e1c20) 
thrown [e:\jenkins\tmp\workspace\build\src\src\hotspot\share\interpreter\linkResolver.cpp, line 766]
Event: 9.591 Thread 0x000001802a3a0920 Exception <a 'java/lang/NoSuchMethodError'{0x00000000896c7de0}: 'java.lang.Object java.lang.invoke.DirectMethodHandle$Holder.invokeInterface(java.lang.Object, java.lang.Object, java.lang.Object, java.lang.Object)'> (0x00000000896c7de0) 
thrown [e:\jenkins\tmp\workspace\build\src\src\hotspot\share\interpreter\linkResolver.cpp, line 766]
Event: 9.634 Thread 0x000001802a3a0920 Exception <a 'java/lang/NoSuchMethodError'{0x00000000893297f8}: 'void java.lang.invoke.DirectMethodHandle$Holder.invokeVirtual(java.lang.Object, java.lang.Object, long)'> (0x00000000893297f8) 
thrown [e:\jenkins\tmp\workspace\build\src\src\hotspot\share\interpreter\linkResolver.cpp, line 766]
Event: 10.755 Thread 0x000001802a3a0920 Exception <a 'java/lang/IncompatibleClassChangeError'{0x000000008bf94c70}: Found class java.lang.Object, but interface was expected> (0x000000008bf94c70) 
thrown [e:\jenkins\tmp\workspace\build\src\src\hotspot\share\interpreter\linkResolver.cpp, line 833]
Event: 10.783 Thread 0x000001802a3a0920 Exception <a 'java/lang/NoSuchMethodError'{0x000000008bd60070}: 'java.lang.Object java.lang.invoke.DirectMethodHandle$Holder.newInvokeSpecial(java.lang.Object, java.lang.Object, int, java.lang.Object, java.lang.Object)'> (0x000000008bd60070) 
thrown [e:\jenkins\tmp\workspace\build\src\src\hotspot\share\interpreter\linkResolver.cpp, line 766]
Event: 10.784 Thread 0x000001802a3a0920 Exception <a 'java/lang/NoSuchMethodError'{0x000000008bd6b318}: 'java.lang.Object java.lang.invoke.DirectMethodHandle$Holder.invokeSpecial(java.lang.Object, java.lang.Object, int, java.lang.Object, int, java.lang.Object)'> (0x000000008bd6b318) 
thrown [e:\jenkins\tmp\workspace\build\src\src\hotspot\share\interpreter\linkResolver.cpp, line 766]
Event: 10.784 Thread 0x000001802a3a0920 Exception <a 'java/lang/NoSuchMethodError'{0x000000008bd733c8}: 'java.lang.Object java.lang.invoke.DirectMethodHandle$Holder.newInvokeSpecial(java.lang.Object, java.lang.Object, int, java.lang.Object, int)'> (0x000000008bd733c8) 
thrown [e:\jenkins\tmp\workspace\build\src\src\hotspot\share\interpreter\linkResolver.cpp, line 766]
Event: 10.785 Thread 0x000001802a3a0920 Exception <a 'java/lang/NoSuchMethodError'{0x000000008bd774c8}: 'java.lang.Object java.lang.invoke.DirectMethodHandle$Holder.invokeSpecial(java.lang.Object, java.lang.Object, java.lang.Object, int, java.lang.Object, int)'> (0x000000008bd774c8) 
thrown [e:\jenkins\tmp\workspace\build\src\src\hotspot\share\interpreter\linkResolver.cpp, line 766]
Event: 122.743 Thread 0x000001802f4206e0 Exception <a 'java/lang/NoSuchMethodError'{0x00000000895bc298}: 'java.lang.Object java.lang.invoke.DirectMethodHandle$Holder.invokeSpecial(java.lang.Object, java.lang.Object, java.lang.Object, java.lang.Object, java.lang.Object, long)'> (0x00000000895bc298) 
thrown [e:\jenkins\tmp\workspace\build\src\src\hotspot\share\interpreter\linkResolver.cpp, line 766]
Event: 122.744 Thread 0x000001802f4206e0 Exception <a 'java/lang/NoSuchMethodError'{0x00000000895bfc90}: 'java.lang.Object java.lang.invoke.Invokers$Holder.linkToTargetMethod(java.lang.Object, java.lang.Object, java.lang.Object, long, java.lang.Object)'> (0x00000000895bfc90) 
thrown [e:\jenkins\tmp\workspace\build\src\src\hotspot\share\interpreter\linkResolver.cpp, line 766]
Event: 123.139 Thread 0x000001802f422d60 Exception <a 'java/lang/NoSuchMethodError'{0x000000008c3244f0}: 'java.lang.Object java.lang.invoke.DirectMethodHandle$Holder.invokeStatic(java.lang.Object, int, int)'> (0x000000008c3244f0) 
thrown [e:\jenkins\tmp\workspace\build\src\src\hotspot\share\interpreter\linkResolver.cpp, line 766]
Event: 129.721 Thread 0x000001802f421080 Exception <a 'java/lang/NoSuchMethodError'{0x000000008ae37b80}: 'void java.lang.invoke.DirectMethodHandle$Holder.invokeSpecialIFC(java.lang.Object, java.lang.Object, int, java.lang.Object, java.lang.Object, java.lang.Object, java.lang.Object)'> (0x000000008ae37b80) 
thrown [e:\jenkins\tmp\workspace\build\src\src\hotspot\share\interpreter\linkResolver.cpp, line 766]
Event: 134.044 Thread 0x000001802f421080 Exception <a 'java/net/SocketException'{0x0000000089bdde38}: Connection reset by peer: shutdown> (0x0000000089bdde38) 
thrown [e:\jenkins\tmp\workspace\build\src\src\hotspot\share\prims\jni.cpp, line 535]

VM Operations (20 events):
Event: 130.940 Executing VM operation: ICBufferFull
Event: 130.941 Executing VM operation: ICBufferFull done
Event: 130.942 Executing VM operation: ICBufferFull
Event: 130.948 Executing VM operation: ICBufferFull done
Event: 131.032 Executing VM operation: ICBufferFull
Event: 131.033 Executing VM operation: ICBufferFull done
Event: 131.198 Executing VM operation: G1CollectForAllocation
Event: 131.204 Executing VM operation: G1CollectForAllocation done
Event: 132.216 Executing VM operation: Cleanup
Event: 132.216 Executing VM operation: Cleanup done
Event: 133.228 Executing VM operation: Cleanup
Event: 133.228 Executing VM operation: Cleanup done
Event: 133.959 Executing VM operation: ICBufferFull
Event: 133.962 Executing VM operation: ICBufferFull done
Event: 133.978 Executing VM operation: ICBufferFull
Event: 133.978 Executing VM operation: ICBufferFull done
Event: 133.987 Executing VM operation: ICBufferFull
Event: 133.987 Executing VM operation: ICBufferFull done
Event: 134.021 Executing VM operation: ICBufferFull
Event: 134.024 Executing VM operation: ICBufferFull done

Events (20 events):
Event: 130.660 Thread 0x0000018027c2c540 flushing nmethod 0x0000018012831610
Event: 130.660 Thread 0x0000018027c2c540 flushing nmethod 0x0000018012831990
Event: 130.660 Thread 0x0000018027c2c540 flushing nmethod 0x0000018012832810
Event: 131.055 loading class org/w3c/dom/Node
Event: 131.056 loading class org/w3c/dom/Node done
Event: 131.056 loading class org/w3c/dom/Document
Event: 131.057 loading class org/w3c/dom/Document done
Event: 131.652 Thread 0x000001802af44260 Thread exited: 0x000001802af44260
Event: 131.652 Thread 0x000001802af45bb0 Thread exited: 0x000001802af45bb0
Event: 131.655 Thread 0x000001802af43330 Thread added: 0x000001802af43330
Event: 131.659 Thread 0x000001802af45bb0 Thread added: 0x000001802af45bb0
Event: 132.423 Thread 0x000001802af45bb0 Thread exited: 0x000001802af45bb0
Event: 132.423 Thread 0x000001802af43330 Thread exited: 0x000001802af43330
Event: 133.887 Thread 0x000001802af43330 Thread added: 0x000001802af43330
Event: 133.888 Thread 0x000001802af45bb0 Thread added: 0x000001802af45bb0
Event: 133.909 loading class java/lang/StringEditor
Event: 133.909 loading class java/lang/StringEditor done
Event: 133.916 loading class java/util/DateEditor
Event: 133.916 loading class java/util/DateEditor done
Event: 133.949 Thread 0x000001803097bdd0 Thread added: 0x000001803097bdd0


Dynamic libraries:
0x00007ff69f330000 - 0x00007ff69f33e000 	C:\Users\Admin\.vscode\extensions\redhat.java-1.4.0\jre\17.0.2-win32-x86_64\bin\java.exe
0x00007ffbb0590000 - 0x00007ffbb0788000 	C:\Windows\SYSTEM32\ntdll.dll
0x00007ffbae900000 - 0x00007ffbae9bd000 	C:\Windows\System32\KERNEL32.DLL
0x00007ffbae240000 - 0x00007ffbae536000 	C:\Windows\System32\KERNELBASE.dll
0x00007ffbadfb0000 - 0x00007ffbae0b0000 	C:\Windows\System32\ucrtbase.dll
0x00007ffb86700000 - 0x00007ffb86718000 	C:\Users\Admin\.vscode\extensions\redhat.java-1.4.0\jre\17.0.2-win32-x86_64\bin\jli.dll
0x00007ffb87e70000 - 0x00007ffb87e89000 	C:\Users\Admin\.vscode\extensions\redhat.java-1.4.0\jre\17.0.2-win32-x86_64\bin\VCRUNTIME140.dll
0x00007ffbaf4f0000 - 0x00007ffbaf68e000 	C:\Windows\System32\USER32.dll
0x00007ffb9b3a0000 - 0x00007ffb9b63a000 	C:\Windows\WinSxS\amd64_microsoft.windows.common-controls_6595b64144ccf1df_6.0.19041.3636_none_60b6a03d71f818d5\COMCTL32.dll
0x00007ffbadc70000 - 0x00007ffbadc92000 	C:\Windows\System32\win32u.dll
0x00007ffbae860000 - 0x00007ffbae8fe000 	C:\Windows\System32\msvcrt.dll
0x00007ffbae9c0000 - 0x00007ffbae9ec000 	C:\Windows\System32\GDI32.dll
0x00007ffbadd10000 - 0x00007ffbade2a000 	C:\Windows\System32\gdi32full.dll
0x00007ffbadf10000 - 0x00007ffbadfad000 	C:\Windows\System32\msvcp_win.dll
0x00007ffbaf720000 - 0x00007ffbaf750000 	C:\Windows\System32\IMM32.DLL
0x00007ffba67c0000 - 0x00007ffba67cc000 	C:\Users\Admin\.vscode\extensions\redhat.java-1.4.0\jre\17.0.2-win32-x86_64\bin\vcruntime140_1.dll
0x00007ffb6d350000 - 0x00007ffb6d3e1000 	C:\Users\Admin\.vscode\extensions\redhat.java-1.4.0\jre\17.0.2-win32-x86_64\bin\msvcp140.dll
0x00007ffb42b30000 - 0x00007ffb43777000 	C:\Users\Admin\.vscode\extensions\redhat.java-1.4.0\jre\17.0.2-win32-x86_64\bin\server\jvm.dll
0x00007ffbaf750000 - 0x00007ffbaf7ff000 	C:\Windows\System32\ADVAPI32.dll
0x00007ffbb0490000 - 0x00007ffbb052c000 	C:\Windows\System32\sechost.dll
0x00007ffbafc90000 - 0x00007ffbafdb6000 	C:\Windows\System32\RPCRT4.dll
0x00007ffbaf920000 - 0x00007ffbaf928000 	C:\Windows\System32\PSAPI.DLL
0x00007ffb9b670000 - 0x00007ffb9b679000 	C:\Windows\SYSTEM32\WSOCK32.dll
0x00007ffb9be50000 - 0x00007ffb9be77000 	C:\Windows\SYSTEM32\WINMM.dll
0x00007ffba4b90000 - 0x00007ffba4b9a000 	C:\Windows\SYSTEM32\VERSION.dll
0x00007ffbafdc0000 - 0x00007ffbafe2b000 	C:\Windows\System32\ws2_32.DLL
0x00007ffbac4c0000 - 0x00007ffbac4d2000 	C:\Windows\SYSTEM32\kernel.appcore.dll
0x00007ffb9b2a0000 - 0x00007ffb9b2aa000 	C:\Users\Admin\.vscode\extensions\redhat.java-1.4.0\jre\17.0.2-win32-x86_64\bin\jimage.dll
0x00007ffbac1f0000 - 0x00007ffbac3d4000 	C:\Windows\SYSTEM32\DBGHELP.DLL
0x00007ffb8f440000 - 0x00007ffb8f474000 	C:\Windows\SYSTEM32\dbgcore.DLL
0x00007ffbade80000 - 0x00007ffbadf02000 	C:\Windows\System32\bcryptPrimitives.dll
0x00007ffb7d7d0000 - 0x00007ffb7d7f5000 	C:\Users\Admin\.vscode\extensions\redhat.java-1.4.0\jre\17.0.2-win32-x86_64\bin\java.dll
0x00007ffb865d0000 - 0x00007ffb865e8000 	C:\Users\Admin\.vscode\extensions\redhat.java-1.4.0\jre\17.0.2-win32-x86_64\bin\zip.dll
0x00007ffbae9f0000 - 0x00007ffbaf134000 	C:\Windows\System32\SHELL32.dll
0x00007ffbaba40000 - 0x00007ffbac1db000 	C:\Windows\SYSTEM32\windows.storage.dll
0x00007ffbaf930000 - 0x00007ffbafc84000 	C:\Windows\System32\combase.dll
0x00007ffbad6b0000 - 0x00007ffbad6dd000 	C:\Windows\SYSTEM32\Wldp.dll
0x00007ffbb03e0000 - 0x00007ffbb048d000 	C:\Windows\System32\SHCORE.dll
0x00007ffbafe30000 - 0x00007ffbafe85000 	C:\Windows\System32\shlwapi.dll
0x00007ffbadba0000 - 0x00007ffbadbc5000 	C:\Windows\SYSTEM32\profapi.dll
0x00007ffb86540000 - 0x00007ffb86559000 	C:\Users\Admin\.vscode\extensions\redhat.java-1.4.0\jre\17.0.2-win32-x86_64\bin\net.dll
0x00007ffba6920000 - 0x00007ffba6a2a000 	C:\Windows\SYSTEM32\WINHTTP.dll
0x00007ffbad410000 - 0x00007ffbad47a000 	C:\Windows\system32\mswsock.dll
0x00007ffb7d940000 - 0x00007ffb7d955000 	C:\Users\Admin\.vscode\extensions\redhat.java-1.4.0\jre\17.0.2-win32-x86_64\bin\nio.dll
0x00007ffba2dd0000 - 0x00007ffba2dd9000 	C:\Users\Admin\.vscode\extensions\redhat.java-1.4.0\jre\17.0.2-win32-x86_64\bin\management.dll
0x00007ffb9acb0000 - 0x00007ffb9acbb000 	C:\Users\Admin\.vscode\extensions\redhat.java-1.4.0\jre\17.0.2-win32-x86_64\bin\management_ext.dll
0x00007ffb88370000 - 0x00007ffb88387000 	C:\Windows\system32\napinsp.dll
0x00007ffb88350000 - 0x00007ffb8836b000 	C:\Windows\system32\pnrpnsp.dll
0x00007ffb83cf0000 - 0x00007ffb83d05000 	C:\Windows\system32\wshbth.dll
0x00007ffba6900000 - 0x00007ffba691d000 	C:\Windows\system32\NLAapi.dll
0x00007ffbad0b0000 - 0x00007ffbad0eb000 	C:\Windows\SYSTEM32\IPHLPAPI.DLL
0x00007ffbad100000 - 0x00007ffbad1ca000 	C:\Windows\SYSTEM32\DNSAPI.dll
0x00007ffbae720000 - 0x00007ffbae728000 	C:\Windows\System32\NSI.dll
0x00007ffb83cd0000 - 0x00007ffb83ce2000 	C:\Windows\System32\winrnr.dll
0x00007ffba5180000 - 0x00007ffba518a000 	C:\Windows\System32\rasadhlp.dll
0x00007ffba4480000 - 0x00007ffba4500000 	C:\Windows\System32\fwpuclnt.dll
0x00007ffbae0b0000 - 0x00007ffbae0d7000 	C:\Windows\System32\bcrypt.dll
0x00007ffbad610000 - 0x00007ffbad628000 	C:\Windows\SYSTEM32\CRYPTSP.dll
0x00007ffbaccd0000 - 0x00007ffbacd04000 	C:\Windows\system32\rsaenh.dll
0x00007ffbadb20000 - 0x00007ffbadb4e000 	C:\Windows\SYSTEM32\USERENV.dll
0x00007ffbad600000 - 0x00007ffbad60c000 	C:\Windows\SYSTEM32\CRYPTBASE.dll
0x00007ffba5530000 - 0x00007ffba5547000 	C:\Windows\SYSTEM32\dhcpcsvc6.DLL
0x00007ffba5660000 - 0x00007ffba567d000 	C:\Windows\SYSTEM32\dhcpcsvc.DLL
0x00007ffb954f0000 - 0x00007ffb954fe000 	C:\Users\Admin\.vscode\extensions\redhat.java-1.4.0\jre\17.0.2-win32-x86_64\bin\sunmscapi.dll
0x00007ffbae0e0000 - 0x00007ffbae23d000 	C:\Windows\System32\CRYPT32.dll
0x00007ffbad720000 - 0x00007ffbad747000 	C:\Windows\SYSTEM32\ncrypt.dll
0x00007ffbad6e0000 - 0x00007ffbad71b000 	C:\Windows\SYSTEM32\NTASN1.dll
0x00007ffb93420000 - 0x00007ffb93430000 	C:\Users\Admin\.vscode\extensions\redhat.java-1.4.0\jre\17.0.2-win32-x86_64\bin\verify.dll
0x00007ffb954e0000 - 0x00007ffb954e7000 	C:\Windows\system32\wshunix.dll

dbghelp: loaded successfully - version: 4.0.5 - missing functions: none
symbol engine: initialized successfully - sym options: 0x614 - pdb path: .;C:\Users\Admin\.vscode\extensions\redhat.java-1.4.0\jre\17.0.2-win32-x86_64\bin;C:\Windows\SYSTEM32;C:\Windows\WinSxS\amd64_microsoft.windows.common-controls_6595b64144ccf1df_6.0.19041.3636_none_60b6a03d71f818d5;C:\Users\Admin\.vscode\extensions\redhat.java-1.4.0\jre\17.0.2-win32-x86_64\bin\server

VM Arguments:
jvm_args: -Dcom.sun.management.jmxremote -Dcom.sun.management.jmxremote.port=51888 -Dcom.sun.management.jmxremote.authenticate=false -Dcom.sun.management.jmxremote.ssl=false -Djava.rmi.server.hostname=localhost -Dspring.application.admin.enabled=true -Dspring.jmx.enabled=true -XX:+ShowCodeDetailsInExceptionMessages 
java_command: com.poly.DATN_BookWorms.DatnBookWormsApplication
java_class_path (initial): E:\DuAnTotNghiep\project\DATN_BookWorms\target\classes;C:\Users\Admin\.m2\repository\org\springframework\boot\spring-boot-starter-thymeleaf\3.1.4\spring-boot-starter-thymeleaf-3.1.4.jar;C:\Users\Admin\.m2\repository\org\springframework\boot\spring-boot-starter\3.1.4\spring-boot-starter-3.1.4.jar;C:\Users\Admin\.m2\repository\org\springframework\boot\spring-boot-starter-logging\3.1.4\spring-boot-starter-logging-3.1.4.jar;C:\Users\Admin\.m2\repository\ch\qos\logback\logback-classic\1.4.11\logback-classic-1.4.11.jar;C:\Users\Admin\.m2\repository\ch\qos\logback\logback-core\1.4.11\logback-core-1.4.11.jar;C:\Users\Admin\.m2\repository\org\apache\logging\log4j\log4j-to-slf4j\2.20.0\log4j-to-slf4j-2.20.0.jar;C:\Users\Admin\.m2\repository\org\apache\logging\log4j\log4j-api\2.20.0\log4j-api-2.20.0.jar;C:\Users\Admin\.m2\repository\org\slf4j\jul-to-slf4j\2.0.9\jul-to-slf4j-2.0.9.jar;C:\Users\Admin\.m2\repository\org\yaml\snakeyaml\1.33\snakeyaml-1.33.jar;C:\Users\Admin\.m2\repository\org\thymeleaf\thymeleaf-spring6\3.1.2.RELEASE\thymeleaf-spring6-3.1.2.RELEASE.jar;C:\Users\Admin\.m2\repository\org\thymeleaf\thymeleaf\3.1.2.RELEASE\thymeleaf-3.1.2.RELEASE.jar;C:\Users\Admin\.m2\repository\org\attoparser\attoparser\2.0.7.RELEASE\attoparser-2.0.7.RELEASE.jar;C:\Users\Admin\.m2\repository\org\unbescape\unbescape\1.1.6.RELEASE\unbescape-1.1.6.RELEASE.jar;C:\Users\Admin\.m2\repository\org\slf4j\slf4j-api\2.0.9\slf4j-api-2.0.9.jar;C:\Users\Admin\.m2\repository\org\springframework\boot\spring-boot-starter-web\3.1.4\spring-boot-starter-web-3.1.4.jar;C:\Users\Admin\.m2\repository\org\springframework\boot\spring-boot-starter-json\3.1.4\spring-boot-starter-json-3.1.4.jar;C:\Users\Admin\.m2\repository\com\fasterxml\jackson\datatype\jackson-datatype-jdk8\2.15.2\jackson-datatype-jdk8-2.15.2.jar;C:\Users\Admin\.m2\repository\com\fasterxml\jackson\module\jackson-module-parameter-names\2.15.2\jackson-module-parameter-names-2.15.2.jar;C:\Users\Admin\.m2\repository\o
Launcher Type: SUN_STANDARD

[Global flags]
     intx CICompilerCount                          = 4                                         {product} {ergonomic}
     uint ConcGCThreads                            = 3                                         {product} {ergonomic}
     uint G1ConcRefinementThreads                  = 10                                        {product} {ergonomic}
   size_t G1HeapRegionSize                         = 1048576                                   {product} {ergonomic}
    uintx GCDrainStackTargetSize                   = 64                                        {product} {ergonomic}
   size_t InitialHeapSize                          = 130023424                                 {product} {ergonomic}
     bool ManagementServer                         = true                                      {product} {command line}
   size_t MarkStackSize                            = 4194304                                   {product} {ergonomic}
   size_t MaxHeapSize                              = 2080374784                                {product} {ergonomic}
   size_t MaxNewSize                               = 1247805440                                {product} {ergonomic}
   size_t MinHeapDeltaBytes                        = 1048576                                   {product} {ergonomic}
   size_t MinHeapSize                              = 8388608                                   {product} {ergonomic}
    uintx NonNMethodCodeHeapSize                   = 5839372                                {pd product} {ergonomic}
    uintx NonProfiledCodeHeapSize                  = 122909434                              {pd product} {ergonomic}
    uintx ProfiledCodeHeapSize                     = 122909434                              {pd product} {ergonomic}
    uintx ReservedCodeCacheSize                    = 251658240                              {pd product} {ergonomic}
     bool SegmentedCodeCache                       = true                                      {product} {ergonomic}
     bool ShowCodeDetailsInExceptionMessages       = true                                   {manageable} {command line}
   size_t SoftMaxHeapSize                          = 2080374784                             {manageable} {ergonomic}
     bool UseCompressedClassPointers               = true                           {product lp64_product} {ergonomic}
     bool UseCompressedOops                        = true                           {product lp64_product} {ergonomic}
     bool UseG1GC                                  = true                                      {product} {ergonomic}
     bool UseLargePagesIndividualAllocation        = false                                  {pd product} {ergonomic}

Logging:
Log output configuration:
 #0: stdout all=warning uptime,level,tags
 #1: stderr all=off uptime,level,tags

Environment Variables:
JAVA_HOME=C:\Program Files\Java\jdk1.8.0_221
CLASSPATH=%CLASSPATH%;%JUNIT_HOME%\junit-4.12.jar;.;;D:\junit-4.12.jar\junit-4.12.jar;.;;D:\junit-4.12.jar\junit-4.12.jar;.;
PATH=c:\Users\Admin\AppData\Roaming\Code\User\globalStorage\microsoft-isvexptools.powerplatform-vscode\pac\tools;C:\Program Files (x86)\Common Files\Oracle\Java\javapath;C:\Program Files\Common Files\Oracle\Java\javapath;C:\Windows\system32;C:\Windows;C:\Windows\System32\Wbem;C:\Windows\System32\WindowsPowerShell\v1.0\;C:\Windows\System32\OpenSSH\;C:\Program Files (x86)\mingw-w64\i686-8.1.0-posix-dwarf-rt_v6-rev0\mingw32\bin;C:\Program Files\Microsoft SQL Server\150\Tools\Binn\;C:\User\Admin\Downloads\cmder2\bin;C:\Program Files\Git\cmd;C:\Program Files\Java\jdk-11.0.13\bin;C:\Program Files\nodejs\;C:\Program Files\Microsoft SQL Server\Client SDK\ODBC\170\Tools\Binn\;C:\Program Files (x86)\Microsoft SQL Server\150\Tools\Binn\;C:\Program Files\Microsoft SQL Server\150\DTS\Binn\;C:\Program Files (x86)\Microsoft SQL Server\150\DTS\Binn\;C:\Program Files\Azure Data Studio\bin;C:\Program Files\Java\jdk-18.0.1;C:\Program Files\dotnet\;C:\Program Files\Java\jdk-16.0.2;C:\Program Files\Java\jdk-11.0.13;C:\Program Files\MySQL\MySQL Shell 8.0\bin\;C:\Users\Admin\AppData\Local\Microsoft\WindowsApps;C:\Users\Admin\AppData\Local\GitHubDesktop\bin;C:\Users\Admin\AppData\Roaming\npm;C:\Program Files\Azure Data Studio\bin;C:\Program Files\JetBrains\IntelliJ IDEA 2021.1.3\bin;
USERNAME=Admin
LANG=en_US.UTF-8
OS=Windows_NT
PROCESSOR_IDENTIFIER=Intel64 Family 6 Model 141 Stepping 1, GenuineIntel



---------------  S Y S T E M  ---------------

OS:
 Windows 10 , 64 bit Build 19041 (10.0.19041.3636)
OS uptime: 0 days 2:37 hours

CPU: total 12 (initial active 12) (6 cores per cpu, 2 threads per core) family 6 model 141 stepping 1 microcode 0x34, cx8, cmov, fxsr, ht, mmx, 3dnowpref, sse, sse2, sse3, ssse3, sse4.1, sse4.2, popcnt, lzcnt, tsc, tscinvbit, avx, avx2, aes, erms, clmul, bmi1, bmi2, adx, avx512f, avx512dq, avx512cd, avx512bw, avx512vl, sha, fma, vzeroupper, avx512_vpopcntdq, avx512_vpclmulqdq, avx512_vaes, avx512_vnni, clflush, clflushopt, clwb, avx512_vbmi2, avx512_vbmi

Memory: 4k page, system-wide physical 7930M (2826M free)
TotalPageFile size 15098M (AvailPageFile size 233M)
current process WorkingSet (physical memory assigned to process): 284M, peak: 413M
current process commit charge ("private bytes"): 412M, peak: 463M

vm_info: OpenJDK 64-Bit Server VM (17.0.2+8) for windows-amd64 JRE (17.0.2+8), built on Jan 20 2022 04:52:34 by "" with MS VC++ 16.7 (VS2019)

END.
